	variants/220331.19672_S119.variants.tsv
summarized	[('Other', 0.9538834950733985), ('A', 0.024271844658355864), ('Alpha', 0.007281553397506762), ('Mu', 0.004854368931671175), ('Beta', 0.0036407766987533808), ('Lambda', 0.0024271844658355873), ('Zeta', 0.0012135922329177937), ('Iota', 0.0012135922329177937), ('Theta', 0.0012135922329177937)]
lineages	"['Q.8' 'B.1.1.14' 'B.1.1.261' 'B.1.1.160' 'B.1.1.135' 'B.1.1.130'
 'B.1.1.155' 'B.1.1.258' 'B.1.1.194' 'B.1.1.426' 'B.1.1.413' 'B.1.1.304'
 'B.1.1.45' 'B.1.1.255' 'B.1.1.63' 'B.1.1.458' 'B.1.1.323' 'B.1.1.257'
 'B.1.1.17' 'B.1.1.349' 'B.1.1.232' 'B.1.1.8' 'B.1.1.480' 'B.1.1.119'
 'B.1.1.241' 'B.1.1.15' 'B.1.1.352' 'B.1.1.310' 'B.1.1.27' 'B.1.1.299'
 'B.1.1.513' 'B.1.1.301' 'B.1.1.514' 'B.1.1.300' 'B.1.1.307' 'B.1.1.107'
 'B.1.1.356' 'B.1.1.309' 'B.1.1.37' 'B.1.1.253' 'B.1.1.231' 'B.1.1.328'
 'B.1.1.329' 'B.1.1.41' 'B.1.1.133' 'B.1.1.204' 'B.1.1.421' 'B.1.1.249'
 'B.1.1.270' 'B.1.1.82' 'B.1.1.464' 'B.1.1.158' 'Q.7' 'B.1.268'
 'B.1.110.2' 'B.1.511' 'B.1.431' 'B.1.330' 'B.1.329' 'B.1.39' 'B.1.108'
 'B.1.487' 'B.1.167' 'B.1.302' 'B.1.453' 'B.1.37' 'B.1.572' 'B.1.341'
 'B.1.324' 'B.1.485' 'B.1.320' 'B.1.510' 'B.1.344' 'B.1.520' 'B.1.513'
 'B.1.319' 'B.1.479' 'B.1.274' 'B.1.1.220' 'B.1.402' 'B.1.1.317'
 'B.1.1.222' 'B.1.1.5' 'B.1.1.75' 'B.1.1.3' 'B.1.1.154' 'B.1.1.297'
 'B.1.236' 'B.1.232' 'B.1.235' 'B.1.243.1' 'B.1.277' 'B.1.551' 'B.1.407'
 'B.1.231' 'B.1.256' 'B.1.188' 'B.1.565' 'B.1.139' 'B.1.127' 'B.1.478'
 'B.1.273' 'B.1.1.70' 'B.1.1.116' 'B.1.1.67' 'B.1.437' 'B.1.606'
 'B.1.264.1' 'B.1.304' 'B.1.117' 'B.1.366' 'B.1.298' 'B.1.515' 'B.1.428'
 'B.1.369' 'B.1.318' 'B.1.604' 'B.1.350.1' 'B.1.496' 'B.1.309' 'B.1.3'
 'B.1.495' 'B.1.497' 'B.1.493' 'B.1.359' 'B.1.1.374' 'B.1.1.327'
 'B.1.1.149' 'B.1.452' 'B.1.355' 'D.3' 'B.1.265' 'B.1.342' 'B.1.293'
 'B.1.349' 'B.1.332' 'B.1.306' 'B.1.22' 'B.1.116' 'B.1.590' 'B.1.370'
 'B.1.336' 'B.1.595' 'B.1.337' 'B.1.301' 'B.1.450' 'B.1.424' 'B.1.586'
 'B.1.310' 'B.1.362' 'B.1.289' 'B.1.451' 'B.1.335' 'B.1.168' 'B.1.1.365'
 'B.1.1.237' 'B.1.1.360' 'B.1.1.416' 'B.1.1.177' 'B.1.1.111' 'B.1.1.244'
 'B.1.1.395' 'B.1.1.362' 'B.1.1.380' 'B.1.1.325' 'B.1.1.58' 'B.1.1.152'
 'B.1.1.266' 'B.1.1.487' 'B.1.1.379' 'B.1.1.132' 'B.1.1.46' 'B.1.1.201'
 'B.1.560' 'B.1.1.506' 'B.1.1.396' 'B.1.1.280' 'B.1.1.141' 'B.1.1.217'
 'B.1.1.218' 'B.1.1.345' 'B.1.1.359' 'B.1.1.263' 'B.1.1.385' 'B.1.1.98'
 'B.1.1.181' 'B.1.1.51' 'B.1.1.283' 'B.1.1.49' 'B.1.1.305' 'B.1.1.48'
 'B.1.1.210' 'B.1.1.282' 'B.1.1.162' 'B.1.1.285' 'B.1.1.113' 'B.1.1.114'
 'B.1.1.213' 'B.1.1.72' 'B.1.1.176' 'B.1.1.262' 'B.1.1.312' 'B.1.1.381'
 'B.1.1.461' 'B.1.1.437' 'B.1.166' 'B.1.350' 'B.1.321' 'B.1.378' 'B.1.203'
 'B.1.543' 'B.1.137' 'B.1.194' 'B.1.187' 'B.1.377' 'B.1.70' 'B.1.179'
 'B.1.91' 'B.1.199' 'B.1.105' 'B.43' 'B.1.545' 'B.1.134' 'B.1.195'
 'B.1.143' 'B.1.145' 'B.1.142' 'B.1.383' 'B.1.395' 'B.1.201' 'B.1.81'
 'B.58' 'B.4.4' 'B.1.635' 'B.1.106' 'B.1.418' 'B.1.420' 'B.1.609'
 'B.1.225' 'B.1.157' 'B.1.180' 'B.1.182' 'B.1.126' 'B.1.379' 'B.1.222'
 'B.1.206' 'B.4.7' 'B.1.69' 'B.1.390' 'B.1.93' 'B.1.198' 'B.1.384'
 'B.1.35' 'B.1.205' 'B.1.103' 'A.7' 'A.6' 'B.1.8' 'B.1.215' 'B.1.76'
 'B.46' 'B.4' 'B.12' 'B.45' 'B.13' 'B.51' 'B.42' 'B.10' 'B.11' 'B.57'
 'B.52' 'B.47' 'B.1.67' 'B.6' 'B.5' 'B.19' 'B.23' 'B.26' 'B.55' 'B.27'
 'B.1.14' 'B.20' 'B.15' 'A' 'A.27' 'B.28' 'B.61' 'A.1' 'A.5' 'A.2' 'B.4.5'
 'B.1.1.161' 'B.6.6' 'B.35' 'B.39' 'B.60' 'B.1' 'B.3.1' 'B.34' 'B.32'
 'B.37' 'B.40' 'B.30' 'B.3' 'B.18' 'B.29' 'B.41' 'B.33' 'B.1.415'
 'B.1.557' 'B.1.264' 'B.1.1.26' 'B.1.1.185' 'B.1.1.174' 'B.1.1.402'
 'B.1.1.463' 'B.1.1.169' 'B.1.1.438' 'B.1.1.440' 'B.1.1.378' 'B.1.1.25'
 'B.1.1.485' 'B.1.1.168' 'B.1.1.57' 'B.1.1.12' 'B.1.1.148' 'B.1.1.118'
 'B.1.1.367' 'B.1.1.59' 'B.1.1.134' 'B.1.173' 'B.1.1.137' 'B.1.1.200'
 'B.1.1.164' 'B.1.1.129' 'B.1.1.10' 'B.1.559' 'B.1.1.341' 'B.1.360'
 'B.1.413' 'B.1.38' 'B.1.564' 'B.1.294' 'B.1.323' 'B.1.115' 'B.1.315'
 'B.1.267' 'B.1.1.364' 'B.1.1.121' 'B.1.1.398' 'B.1.1.320' 'B.1.1.275'
 'B.1.1.500' 'B.1.1.203' 'B.1.1.376' 'B.1.1.175' 'B.1.1.172' 'B.1.1.306'
 'B.1.1.187' 'B.1.1.441' 'B.1.1.122' 'B.1.1.43' 'B.1.1.33' 'A.19'
 'B.1.229' 'B.1.233' 'B.1.416' 'B.1.600' 'B.1.415.1' 'B.1.639' 'B.1.546'
 'B.1.153' 'B.1.128' 'A.12' 'A.18' 'B.1.1.372' 'A.21' 'A.11' 'B.1.382'
 'B.1.110' 'B.1.1' 'B.1.250' 'B.1.251' 'B.1.248' 'B.1.104' 'B.1.391'
 'B.1.381' 'B.1.243' 'B.1.239' 'B.1.397' 'B.1.1.83' 'B.1.1.180'
 'B.1.1.274' 'B.1.1.166' 'B.1.1.254' 'B.1.1.34' 'B.1.1.192' 'B.1.1.205'
 'B.1.1.189' 'B.1.1.71' 'B.1.1.142' 'B.1.1.92' 'B.1.1.197' 'B.1.1.95'
 'B.1.254' 'B.1.240' 'B.1.401' 'B.1.399' 'B.1.558' 'B.1.238' 'B.1.400'
 'B.1.607' 'B.1.372' 'B.1.582' 'B.1.221' 'B.1.1.251' 'B.1.1.434' 'AK.2'
 'B.1.531' 'AS.2' 'B.1.177.75' 'B.1.177.72' 'B.1.177.16' 'B.1.177.17'
 'A.23' 'B.1.2' 'C.36' 'B.1.596' 'B.1.36.29' 'B.1.36.12' 'B.1.36.34'
 'B.1.36.28' 'B.1.36.38' 'B.1.9.5' 'B.1.9.4' 'B.1.9.2' 'B.1.9.1' 'C.23'
 'C.17' 'C.30' 'B.1.177.69' 'B.1.177.25' 'B.1.177.52' 'B.1.177.24'
 'B.1.177.51' 'B.1.177.71' 'B.1.177.45' 'B.1.177.32' 'B.1.177.10'
 'B.1.177.20' 'B.1.177.19' 'B.1.400.1' 'C.5' 'B.1.561' 'B.1.258.14'
 'B.1.1.290' 'B.1.563' 'B.1.36.17' 'B.1.351' 'AQ.1' 'AF.1' 'B.1.1.236'
 'B.1.1.429' 'B.1.385' 'B.1.441' 'B.1.375' 'B.1.258' 'C.1' 'C.14' 'C.3'
 'C.25' 'C.27' 'C.12' 'C.13' 'C.35' 'P.2' 'B.1.177' 'B.1.549' 'B.1.425'
 'B.1.469' 'B.1.36.20' 'B.1.36.10' 'B.1.36.1' 'B.1.36.16' 'B.1.36.8'
 'B.1.36.35' 'B.1.36.24' 'B.1.36.7' 'B.1.460' 'C.4' 'C.26' 'C.32' 'C.28'
 'B.1.595.1' 'B.1.445' 'B.1.362.2' 'B.1.570' 'B.1.517' 'B.1.569'
 'B.1.564.1' 'B.1.1.93' 'B.1.1.279' 'B.1.1.286' 'L.4' 'B.1.1.44' 'AV.1'
 'B.1.1.453' 'D.4' 'B.1.1.337' 'B.1.1.207' 'B.1.1.227' 'B.1.1.190'
 'B.1.1.269' 'B.1.1.153' 'B.1.1.277' 'C.20' 'B.1.466.2' 'B.1.177.54'
 'B.1.177.86' 'U.3' 'B.1.177.67' 'B.1.177.47' 'V.2' 'V.1' 'B.1.36.39'
 'B.1.575' 'Z.1' 'B.1.177.6' 'W.1' 'B.1.351.2' 'W.4' 'B.1.177.4'
 'B.1.177.87' 'B.1.177.84' 'B.1.177.28' 'B.1.177.15' 'B.1.258.3' 'B.1.621'
 'B.1.623' 'B.1.361' 'C.36.3' 'B.1.351.3' 'C.18' 'AA.3' 'Q.4' 'XA' 'Q.1'
 'Q.3' 'C.36.3.1' 'B.1.621.1' 'AA.7' 'BB.1' 'B.1.637' 'B.1.177.63'
 'B.1.621.2' 'B.1.177.30' 'B.1.526' 'AA.2' 'AA.5' 'AA.6' 'AA.4' 'B.1.1.7'
 'C.37.1' 'U.1' 'B.1.177.62' 'B.1.177.26' 'B.1.1.219' 'AP.1' 'C.36.2'
 'B.1.177.18' 'C.36.1' 'B.1.177.77' 'B.1.177.21' 'B.1.177.53' 'B.1.177.50'
 'B.1.177.3' 'B.1.177.2' 'B.1.177.74' 'B.1.177.23' 'B.1.177.9' 'B.1.258.7'
 'B.1.1.519' 'B.1.258.6' 'B.1.258.12' 'B.1.258.11' 'B.1.258.2' 'B.1.36.9'
 'B.1.36.27' 'B.1.36.22' 'B.1.562' 'B.1.363' 'B.1.1.303' 'C.31' 'C.37'
 'B.1.348' 'B.1.568' 'B.1.177.81' 'Y.1' 'B.1.177.59' 'B.1.177.65'
 'B.1.177.60' 'B.1.177.8' 'B.1.177.48' 'B.1.177.58' 'B.1.177.5'
 'B.1.177.55' 'B.1.177.56' 'W.2' 'W.3' 'B.1.177.82' 'B.1.177.83'
 'B.1.177.73' 'AA.1' 'B.1.258.22' 'B.1.258.10' 'G.1' 'B.1.36.2'
 'B.1.466.1' 'B.1.625' 'B.1.12' 'B.59' 'B.1.1.406' 'B.1.1.123' 'AN.1'
 'B.1.1.61' 'N.9' 'N.6' 'N.2' 'N.1' 'N.3' 'N.4' 'B.1.1.371' 'B.1.1.256'
 'B.1.1.298' 'B.1.1.369' 'B.1.1.1' 'B.1.1.186' 'B.1.1.55' 'B.1.1.339'
 'AH.3' 'P.3' 'B.1.1.165' 'B.1.1.392' 'B.1.1.97' 'B.1.1.242' 'B.1.1.428'
 'B.1.1.120' 'B.1.1.226' 'B.1.1.284' 'B.1.1.47' 'B.1.1.403' 'AC.1' 'L.2'
 'B.1.1.13' 'B.1.1.432' 'B.1.1.136' 'B.1.1.347' 'B.1.1.354' 'B.1.1.420'
 'B.1.533' 'B.1.1.178' 'B.1.1.89' 'B.1.1.239' 'B.1.1.512' 'B.1.1.16'
 'B.1.1.311' 'B.1.1.308' 'B.1.1.159' 'B.1.1.86' 'B.1.1.145' 'B.1.1.208'
 'B.1.1.38' 'B.1.462' 'A.25' 'A.3' 'B.1.632' 'B.1.480' 'B.1.280' 'B.1.474'
 'B.1.159' 'B.1.281' 'B.1.276' 'B.1.110.1' 'B.1.467' 'B.1.1.138' 'B.1.471'
 'B.1.523' 'B.1.470' 'B.1.465' 'B.1.492' 'B.1.597' 'B.1.40' 'B.1.328'
 'B.1.340' 'B.1.356' 'A.26' 'A.4' 'A.28' 'B.1.97' 'B.1.1.389' 'B.1.1.125'
 'B.1.1.326' 'B.1.1.355' 'B.1.1.518' 'B.1.1.521' 'B.1.1.77' 'B.1.1.517'
 'B.1.1.459' 'B.1.1.289' 'B.1.1.221' 'B.1.405' 'B.1.241' 'B.1.610'
 'B.1.602' 'B.1.403' 'B.1.234' 'B.1.189' 'B.1.416.1' 'B.1.190' 'B.1.1.291'
 'B.1.1.139' 'B.1.1.39' 'B.1.443' 'B.1.1.467' 'B.1.1.296' 'B.1.1.450'
 'B.1.1.344' 'B.1.1.234' 'B.1.1.198' 'B.1.1.302' 'N.8' 'N.10' 'N.5'
 'B.1.1.170' 'B.1.1.397' 'D.5' 'AH.2' 'AH.1' 'P.7' 'B.1.1.29' 'B.1.1.216'
 'AK.1' 'B.1.1.171' 'B.1.1.224' 'B.1.1.4' 'B.1.1.418' 'B.1.1.225' 'D.2'
 'AE.1' 'B.1.541' 'B.1.9' 'B.1.509' 'B.1.605' 'B.1.626' 'B.1.435'
 'B.1.521' 'B.1.595.4' 'B.1.595.3' 'B.1.595.2' 'B.1.362.1' 'B.1.444'
 'B.1.1.182' 'B.1.165' 'B.1.313' 'B.1.574' 'B.1.428.2' 'B.1.428.1'
 'B.1.1.322' 'B.1.1.486' 'AE.7' 'B.1.1.482' 'B.1.1.243' 'B.1.1.74' 'AG.1'
 'B.1.88.1' 'B.1.314' 'B.1.580' 'B.1.581' 'B.1.491' 'B.1.44' 'B.1.596.1'
 'B.1.448' 'B.1.426' 'B.1.567' 'B.1.577' 'B.1.346' 'B.1.579' 'B.1.240.2'
 'B.1.120' 'B.1.576' 'B.1.571' 'B.1.494' 'B.1.1.373' 'B.1.1.363'
 'B.1.1.525' 'AE.4' 'B.1.548' 'AE.6' 'B.1.578' 'B.1.112' 'B.1.163'
 'B.1.439' 'B.1.398' 'B.1.409' 'B.1.184' 'A.23.1' 'A.29' 'B.1.629'
 'B.1.282' 'B.1.110.3' 'B.1.36' 'B.1.36.19' 'B.1.456' 'B.1.468' 'B.1.466'
 'B.1.170' 'B.1.164' 'B.1.245' 'B.1.111' 'B.1.124' 'B.1.436' 'B.1.442'
 'B.1.161' 'B']"
abundances	"[0.00121359 0.00121359 0.00121359 0.00121359 0.00121359 0.00121359
 0.00121359 0.00121359 0.00121359 0.00121359 0.00121359 0.00121359
 0.00121359 0.00121359 0.00121359 0.00121359 0.00121359 0.00121359
 0.00121359 0.00121359 0.00121359 0.00121359 0.00121359 0.00121359
 0.00121359 0.00121359 0.00121359 0.00121359 0.00121359 0.00121359
 0.00121359 0.00121359 0.00121359 0.00121359 0.00121359 0.00121359
 0.00121359 0.00121359 0.00121359 0.00121359 0.00121359 0.00121359
 0.00121359 0.00121359 0.00121359 0.00121359 0.00121359 0.00121359
 0.00121359 0.00121359 0.00121359 0.00121359 0.00121359 0.00121359
 0.00121359 0.00121359 0.00121359 0.00121359 0.00121359 0.00121359
 0.00121359 0.00121359 0.00121359 0.00121359 0.00121359 0.00121359
 0.00121359 0.00121359 0.00121359 0.00121359 0.00121359 0.00121359
 0.00121359 0.00121359 0.00121359 0.00121359 0.00121359 0.00121359
 0.00121359 0.00121359 0.00121359 0.00121359 0.00121359 0.00121359
 0.00121359 0.00121359 0.00121359 0.00121359 0.00121359 0.00121359
 0.00121359 0.00121359 0.00121359 0.00121359 0.00121359 0.00121359
 0.00121359 0.00121359 0.00121359 0.00121359 0.00121359 0.00121359
 0.00121359 0.00121359 0.00121359 0.00121359 0.00121359 0.00121359
 0.00121359 0.00121359 0.00121359 0.00121359 0.00121359 0.00121359
 0.00121359 0.00121359 0.00121359 0.00121359 0.00121359 0.00121359
 0.00121359 0.00121359 0.00121359 0.00121359 0.00121359 0.00121359
 0.00121359 0.00121359 0.00121359 0.00121359 0.00121359 0.00121359
 0.00121359 0.00121359 0.00121359 0.00121359 0.00121359 0.00121359
 0.00121359 0.00121359 0.00121359 0.00121359 0.00121359 0.00121359
 0.00121359 0.00121359 0.00121359 0.00121359 0.00121359 0.00121359
 0.00121359 0.00121359 0.00121359 0.00121359 0.00121359 0.00121359
 0.00121359 0.00121359 0.00121359 0.00121359 0.00121359 0.00121359
 0.00121359 0.00121359 0.00121359 0.00121359 0.00121359 0.00121359
 0.00121359 0.00121359 0.00121359 0.00121359 0.00121359 0.00121359
 0.00121359 0.00121359 0.00121359 0.00121359 0.00121359 0.00121359
 0.00121359 0.00121359 0.00121359 0.00121359 0.00121359 0.00121359
 0.00121359 0.00121359 0.00121359 0.00121359 0.00121359 0.00121359
 0.00121359 0.00121359 0.00121359 0.00121359 0.00121359 0.00121359
 0.00121359 0.00121359 0.00121359 0.00121359 0.00121359 0.00121359
 0.00121359 0.00121359 0.00121359 0.00121359 0.00121359 0.00121359
 0.00121359 0.00121359 0.00121359 0.00121359 0.00121359 0.00121359
 0.00121359 0.00121359 0.00121359 0.00121359 0.00121359 0.00121359
 0.00121359 0.00121359 0.00121359 0.00121359 0.00121359 0.00121359
 0.00121359 0.00121359 0.00121359 0.00121359 0.00121359 0.00121359
 0.00121359 0.00121359 0.00121359 0.00121359 0.00121359 0.00121359
 0.00121359 0.00121359 0.00121359 0.00121359 0.00121359 0.00121359
 0.00121359 0.00121359 0.00121359 0.00121359 0.00121359 0.00121359
 0.00121359 0.00121359 0.00121359 0.00121359 0.00121359 0.00121359
 0.00121359 0.00121359 0.00121359 0.00121359 0.00121359 0.00121359
 0.00121359 0.00121359 0.00121359 0.00121359 0.00121359 0.00121359
 0.00121359 0.00121359 0.00121359 0.00121359 0.00121359 0.00121359
 0.00121359 0.00121359 0.00121359 0.00121359 0.00121359 0.00121359
 0.00121359 0.00121359 0.00121359 0.00121359 0.00121359 0.00121359
 0.00121359 0.00121359 0.00121359 0.00121359 0.00121359 0.00121359
 0.00121359 0.00121359 0.00121359 0.00121359 0.00121359 0.00121359
 0.00121359 0.00121359 0.00121359 0.00121359 0.00121359 0.00121359
 0.00121359 0.00121359 0.00121359 0.00121359 0.00121359 0.00121359
 0.00121359 0.00121359 0.00121359 0.00121359 0.00121359 0.00121359
 0.00121359 0.00121359 0.00121359 0.00121359 0.00121359 0.00121359
 0.00121359 0.00121359 0.00121359 0.00121359 0.00121359 0.00121359
 0.00121359 0.00121359 0.00121359 0.00121359 0.00121359 0.00121359
 0.00121359 0.00121359 0.00121359 0.00121359 0.00121359 0.00121359
 0.00121359 0.00121359 0.00121359 0.00121359 0.00121359 0.00121359
 0.00121359 0.00121359 0.00121359 0.00121359 0.00121359 0.00121359
 0.00121359 0.00121359 0.00121359 0.00121359 0.00121359 0.00121359
 0.00121359 0.00121359 0.00121359 0.00121359 0.00121359 0.00121359
 0.00121359 0.00121359 0.00121359 0.00121359 0.00121359 0.00121359
 0.00121359 0.00121359 0.00121359 0.00121359 0.00121359 0.00121359
 0.00121359 0.00121359 0.00121359 0.00121359 0.00121359 0.00121359
 0.00121359 0.00121359 0.00121359 0.00121359 0.00121359 0.00121359
 0.00121359 0.00121359 0.00121359 0.00121359 0.00121359 0.00121359
 0.00121359 0.00121359 0.00121359 0.00121359 0.00121359 0.00121359
 0.00121359 0.00121359 0.00121359 0.00121359 0.00121359 0.00121359
 0.00121359 0.00121359 0.00121359 0.00121359 0.00121359 0.00121359
 0.00121359 0.00121359 0.00121359 0.00121359 0.00121359 0.00121359
 0.00121359 0.00121359 0.00121359 0.00121359 0.00121359 0.00121359
 0.00121359 0.00121359 0.00121359 0.00121359 0.00121359 0.00121359
 0.00121359 0.00121359 0.00121359 0.00121359 0.00121359 0.00121359
 0.00121359 0.00121359 0.00121359 0.00121359 0.00121359 0.00121359
 0.00121359 0.00121359 0.00121359 0.00121359 0.00121359 0.00121359
 0.00121359 0.00121359 0.00121359 0.00121359 0.00121359 0.00121359
 0.00121359 0.00121359 0.00121359 0.00121359 0.00121359 0.00121359
 0.00121359 0.00121359 0.00121359 0.00121359 0.00121359 0.00121359
 0.00121359 0.00121359 0.00121359 0.00121359 0.00121359 0.00121359
 0.00121359 0.00121359 0.00121359 0.00121359 0.00121359 0.00121359
 0.00121359 0.00121359 0.00121359 0.00121359 0.00121359 0.00121359
 0.00121359 0.00121359 0.00121359 0.00121359 0.00121359 0.00121359
 0.00121359 0.00121359 0.00121359 0.00121359 0.00121359 0.00121359
 0.00121359 0.00121359 0.00121359 0.00121359 0.00121359 0.00121359
 0.00121359 0.00121359 0.00121359 0.00121359 0.00121359 0.00121359
 0.00121359 0.00121359 0.00121359 0.00121359 0.00121359 0.00121359
 0.00121359 0.00121359 0.00121359 0.00121359 0.00121359 0.00121359
 0.00121359 0.00121359 0.00121359 0.00121359 0.00121359 0.00121359
 0.00121359 0.00121359 0.00121359 0.00121359 0.00121359 0.00121359
 0.00121359 0.00121359 0.00121359 0.00121359 0.00121359 0.00121359
 0.00121359 0.00121359 0.00121359 0.00121359 0.00121359 0.00121359
 0.00121359 0.00121359 0.00121359 0.00121359 0.00121359 0.00121359
 0.00121359 0.00121359 0.00121359 0.00121359 0.00121359 0.00121359
 0.00121359 0.00121359 0.00121359 0.00121359 0.00121359 0.00121359
 0.00121359 0.00121359 0.00121359 0.00121359 0.00121359 0.00121359
 0.00121359 0.00121359 0.00121359 0.00121359 0.00121359 0.00121359
 0.00121359 0.00121359 0.00121359 0.00121359 0.00121359 0.00121359
 0.00121359 0.00121359 0.00121359 0.00121359 0.00121359 0.00121359
 0.00121359 0.00121359 0.00121359 0.00121359 0.00121359 0.00121359
 0.00121359 0.00121359 0.00121359 0.00121359 0.00121359 0.00121359
 0.00121359 0.00121359 0.00121359 0.00121359 0.00121359 0.00121359
 0.00121359 0.00121359 0.00121359 0.00121359 0.00121359 0.00121359
 0.00121359 0.00121359 0.00121359 0.00121359 0.00121359 0.00121359
 0.00121359 0.00121359 0.00121359 0.00121359 0.00121359 0.00121359
 0.00121359 0.00121359 0.00121359 0.00121359 0.00121359 0.00121359
 0.00121359 0.00121359 0.00121359 0.00121359 0.00121359 0.00121359
 0.00121359 0.00121359 0.00121359 0.00121359 0.00121359 0.00121359
 0.00121359 0.00121359 0.00121359 0.00121359 0.00121359 0.00121359
 0.00121359 0.00121359 0.00121359 0.00121359 0.00121359 0.00121359
 0.00121359 0.00121359 0.00121359 0.00121359 0.00121359 0.00121359
 0.00121359 0.00121359 0.00121359 0.00121359 0.00121359 0.00121359
 0.00121359 0.00121359 0.00121359 0.00121359 0.00121359 0.00121359
 0.00121359 0.00121359 0.00121359 0.00121359 0.00121359 0.00121359
 0.00121359 0.00121359 0.00121359 0.00121359 0.00121359 0.00121359
 0.00121359 0.00121359 0.00121359 0.00121359 0.00121359 0.00121359
 0.00121359 0.00121359 0.00121359 0.00121359 0.00121359 0.00121359
 0.00121359 0.00121359 0.00121359 0.00121359 0.00121359 0.00121359
 0.00121359 0.00121359 0.00121359 0.00121359 0.00121359 0.00121359
 0.00121359 0.00121359 0.00121359 0.00121359 0.00121359 0.00121359
 0.00121359 0.00121359 0.00121359 0.00121359 0.00121359 0.00121359
 0.00121359 0.00121359 0.00121359 0.00121359 0.00121359 0.00121359
 0.00121359 0.00121359 0.00121359 0.00121359 0.00121359 0.00121359
 0.00121359 0.00121359 0.00121359 0.00121359 0.00121359 0.00121359
 0.00121359 0.00121359 0.00121359 0.00121359 0.00121359 0.00121359
 0.00121359 0.00121359 0.00121359 0.00121359 0.00121359 0.00121359
 0.00121359 0.00121359 0.00121359 0.00121359 0.00121359 0.00121359
 0.00121359 0.00121359 0.00121359 0.00121359 0.00121359 0.00121359
 0.00121359 0.00121359 0.00121359 0.00121359 0.00121359 0.00121359
 0.00121359 0.00121359 0.00121359 0.00121359 0.00121359 0.00121359
 0.00121359 0.00121359 0.00121359 0.00121359 0.00121359 0.00121359
 0.00121359 0.00121359 0.00121359 0.00121359 0.00121359 0.00121359
 0.00121359 0.00121359 0.00121359 0.00121359 0.00121359 0.00121359
 0.00121359 0.00121359 0.00121359 0.00121359 0.00121359 0.00121359
 0.00121359 0.00121359 0.00121359 0.00121359 0.00121359 0.00121359
 0.00121359 0.00121359 0.00121359 0.00121359 0.00121359 0.00121359
 0.00121359 0.00121359 0.00121359 0.00121359 0.00121359 0.00121359
 0.00121359 0.00121359 0.00121359 0.00121359 0.00121359 0.00121359
 0.00121359 0.00121359]"
resid	1.1982246903497121e-11
