	variants/220331.25613_S140.variants.tsv
summarized	[('Other', 0.9288025889798008), ('A', 0.07119741100193572)]
lineages	"['B.1.258.3' 'B.1.104' 'B.1.609' 'B.1.420' 'B.1.181' 'B.1.418' 'B.1.415'
 'B.1.559' 'B.1.391' 'B.1.251' 'B.1.219' 'B.1.250' 'B.1.110' 'A.2.4'
 'A.11' 'A.21' 'A.18' 'A.19' 'B.1.225' 'B.1.223' 'B.1.157' 'B.1.180'
 'B.1.151' 'B.1.208' 'B.1.205' 'B.1.35' 'B.1.384' 'B.1.23' 'B.1.198'
 'B.1.390' 'B.1.69' 'B.1.206' 'B.1.106' 'B.1.222' 'B.1.379' 'B.1.77'
 'B.1.182' 'A.12' 'B.1.96' 'B.1.39' 'B.1.485' 'B.1.166' 'B.1.319'
 'B.1.513' 'B.1.520' 'B.1.344' 'B.1.510' 'B.1.320' 'B.1.324' 'B.1.128'
 'B.1.341' 'B.1.572' 'B.1.453' 'B.1.268' 'B.1.302' 'B.1.487' 'B.1.108'
 'B.1.350' 'B.1.321' 'B.1.264' 'B.1.360' 'B.1.153' 'B.1.393' 'B.1.546'
 'B.1.600' 'B.1.249' 'B.1.254' 'B.1.252' 'B.1.267' 'B.1.315' 'B.1.115'
 'B.1.323' 'B.1.294' 'B.1.564' 'B.1.38' 'B.1.413' 'B.1.6' 'B.1.213'
 'B.1.147' 'B.18' 'B.4' 'A' 'A.27' 'B.61' 'B.33' 'B.41' 'B.29' 'B.3'
 'B.1.178' 'B.30' 'B.31' 'B.40' 'B.37' 'B.32' 'B.34' 'B.4.6' 'B.12' 'B.13'
 'B.51' 'B.42' 'B.15' 'B.20' 'B.1.14' 'B.27' 'B.55' 'B.26' 'B.23' 'B.19'
 'B.5' 'B.6' 'B.47' 'B.46' 'B.57' 'B.11' 'B.10' 'B.1' 'B.60' 'B.39'
 'B.1.545' 'B.1.378' 'B.1.199' 'B.1.91' 'B.1.179' 'B.1.70' 'B.1.187'
 'B.1.137' 'B.1.543' 'B.58' 'B.43' 'B.4.4' 'B.4.7' 'A.6' 'A.7' 'B.1.103'
 'B.1.105' 'B.1.134' 'B.6.6' 'B.1.195' 'B.4.5' 'A.2' 'A.5' 'A.1' 'B.1.67'
 'B.1.76' 'B.1.215' 'B.1.8' 'B.1.201' 'B.1.395' 'B.1.383' 'B.1.142'
 'B.1.145' 'B.1.143' 'B.1.78' 'B.1.489' 'B.1.329' 'B.1.623' 'B.1.499'
 'A.29' 'A.23.1' 'B.1.498' 'B.1.507' 'B.1.508' 'B.1.504' 'B.1.503'
 'B.1.505' 'B.1.585' 'B.1.574' 'B.1.313' 'B.1.165' 'B.1.516' 'B.1.595.2'
 'B.1.595.3' 'B.1.595.4' 'B.1.110.3' 'B.1.468' 'B.1.170' 'B.1.164'
 'B.1.577' 'B.1.426' 'B.1.594' 'B.1.325' 'B.1.44' 'B.1.491' 'B.1.578'
 'B.1.112' 'B.1.163' 'B.1.161' 'B.1.442' 'B.1.124' 'B.1.111' 'B.1.245'
 'B.1.162' 'B.1.435' 'B.1.509' 'B.1.330' 'B.1.258.2' 'B.1.9.5' 'A.23'
 'B.1.499.1' 'B.1.438.3' 'B.1.438.1' 'B.1.363' 'B.1.588' 'B.1.258.11'
 'B.1.9' 'B.1.258.12' 'B.1.258.6' 'B.1.348' 'B.1.160' 'B.1.258.10'
 'B.1.258.22' 'B.1.587' 'B.1.9.4' 'B.1.9.2' 'B.1.9.1' 'B.1.438' 'B.1.443'
 'B.1.625' 'B.1.460' 'B.1.469' 'B.1.549' 'B.1.258' 'B.1.502' 'B.1.501'
 'B.1.500' 'B.1.305' 'B.1.338' 'B.1.569' 'B.1.570' 'B.1.595.1' 'B.1.425'
 'B.1.579' 'B.1.603' 'B.1.120' 'B.1.366' 'B.1.495' 'B.1.3' 'B.1.496'
 'B.1.437' 'B.1.287' 'B.1.428' 'B.1.515' 'B.1.606' 'B.1.576' 'B.1.452'
 'B.1.350.1' 'B.1.337' 'B.1.168' 'B.1.335' 'B.1.451' 'B.1.289' 'B.1.497'
 'B.1.493' 'B.1.359' 'B.1.214' 'B.1.431' 'B.1.511' 'B.1.110.2' 'B.1.483'
 'B.1.479' 'B.1.37' 'B.1.13' 'B.1.274' 'B.1.277' 'B.1.273' 'B.1.478'
 'B.1.127' 'B.1.139' 'B.1.565' 'B.1.210' 'B.1.310' 'B.1.586' 'B.1.450'
 'B.1.471' 'B.1.110.1' 'B.1.276' 'B.1.281' 'B.1.159' 'A.3' 'A.25' 'A.26'
 'A.24' 'A.4' 'A.28' 'B.1.97' 'B.1.113' 'B.1.190' 'B.1.189' 'B.1.494'
 'B.1.467' 'B.1.523' 'B.1.301' 'B.1.470' 'B.1.595' 'B.1.336' 'B.1.370'
 'B.1.590' 'B.1.22' 'B.1.306' 'B.1.349' 'B.1.293' 'B.1.607' 'B.1.372'
 'B.1.12' 'B.1.356' 'B.1.328' 'B.1.40' 'B.1.465' 'B']"
abundances	"[0.00323625 0.00323625 0.00323625 0.00323625 0.00323625 0.00323625
 0.00323625 0.00323625 0.00323625 0.00323625 0.00323625 0.00323625
 0.00323625 0.00323625 0.00323625 0.00323625 0.00323625 0.00323625
 0.00323625 0.00323625 0.00323625 0.00323625 0.00323625 0.00323625
 0.00323625 0.00323625 0.00323625 0.00323625 0.00323625 0.00323625
 0.00323625 0.00323625 0.00323625 0.00323625 0.00323625 0.00323625
 0.00323625 0.00323625 0.00323625 0.00323625 0.00323625 0.00323625
 0.00323625 0.00323625 0.00323625 0.00323625 0.00323625 0.00323625
 0.00323625 0.00323625 0.00323625 0.00323625 0.00323625 0.00323625
 0.00323625 0.00323625 0.00323625 0.00323625 0.00323625 0.00323625
 0.00323625 0.00323625 0.00323625 0.00323625 0.00323625 0.00323625
 0.00323625 0.00323625 0.00323625 0.00323625 0.00323625 0.00323625
 0.00323625 0.00323625 0.00323625 0.00323625 0.00323625 0.00323625
 0.00323625 0.00323625 0.00323625 0.00323625 0.00323625 0.00323625
 0.00323625 0.00323625 0.00323625 0.00323625 0.00323625 0.00323625
 0.00323625 0.00323625 0.00323625 0.00323625 0.00323625 0.00323625
 0.00323625 0.00323625 0.00323625 0.00323625 0.00323625 0.00323625
 0.00323625 0.00323625 0.00323625 0.00323625 0.00323625 0.00323625
 0.00323625 0.00323625 0.00323625 0.00323625 0.00323625 0.00323625
 0.00323625 0.00323625 0.00323625 0.00323625 0.00323625 0.00323625
 0.00323625 0.00323625 0.00323625 0.00323625 0.00323625 0.00323625
 0.00323625 0.00323625 0.00323625 0.00323625 0.00323625 0.00323625
 0.00323625 0.00323625 0.00323625 0.00323625 0.00323625 0.00323625
 0.00323625 0.00323625 0.00323625 0.00323625 0.00323625 0.00323625
 0.00323625 0.00323625 0.00323625 0.00323625 0.00323625 0.00323625
 0.00323625 0.00323625 0.00323625 0.00323625 0.00323625 0.00323625
 0.00323625 0.00323625 0.00323625 0.00323625 0.00323625 0.00323625
 0.00323625 0.00323625 0.00323625 0.00323625 0.00323625 0.00323625
 0.00323625 0.00323625 0.00323625 0.00323625 0.00323625 0.00323625
 0.00323625 0.00323625 0.00323625 0.00323625 0.00323625 0.00323625
 0.00323625 0.00323625 0.00323625 0.00323625 0.00323625 0.00323625
 0.00323625 0.00323625 0.00323625 0.00323625 0.00323625 0.00323625
 0.00323625 0.00323625 0.00323625 0.00323625 0.00323625 0.00323625
 0.00323625 0.00323625 0.00323625 0.00323625 0.00323625 0.00323625
 0.00323625 0.00323625 0.00323625 0.00323625 0.00323625 0.00323625
 0.00323625 0.00323625 0.00323625 0.00323625 0.00323625 0.00323625
 0.00323625 0.00323625 0.00323625 0.00323625 0.00323625 0.00323625
 0.00323625 0.00323625 0.00323625 0.00323625 0.00323625 0.00323625
 0.00323625 0.00323625 0.00323625 0.00323625 0.00323625 0.00323625
 0.00323625 0.00323625 0.00323625 0.00323625 0.00323625 0.00323625
 0.00323625 0.00323625 0.00323625 0.00323625 0.00323625 0.00323625
 0.00323625 0.00323625 0.00323625 0.00323625 0.00323625 0.00323625
 0.00323625 0.00323625 0.00323625 0.00323625 0.00323625 0.00323625
 0.00323625 0.00323625 0.00323625 0.00323625 0.00323625 0.00323625
 0.00323625 0.00323625 0.00323625 0.00323625 0.00323625 0.00323625
 0.00323625 0.00323625 0.00323625 0.00323625 0.00323625 0.00323625
 0.00323625 0.00323625 0.00323625 0.00323625 0.00323625 0.00323625
 0.00323625 0.00323625 0.00323625 0.00323625 0.00323625 0.00323625
 0.00323625 0.00323625 0.00323625 0.00323625 0.00323625 0.00323625
 0.00323625 0.00323625 0.00323625 0.00323625 0.00323625 0.00323625
 0.00323625 0.00323625 0.00323625 0.00323625 0.00323625 0.00323625
 0.00323625 0.00323625 0.00323625]"
resid	2.6883656281981954e-12
