	variants/220330.22953_S80.variants.tsv
summarized	[('Other', 0.8877918407144981), ('Delta', 0.06960573970382732), ('A', 0.020122967559949235), ('Alpha', 0.006036890267984772), ('Epsilon', 0.004024593511989848), ('Zeta', 0.002012296755994924), ('Gamma', 0.002012296755994924), ('Kappa', 0.002012296755994924), ('Iota', 0.002012296755994924)]
lineages	"['B.1.626' 'AY.16.1' 'B.1.264' 'B.1.1.447' 'B.1.1.172' 'B.1.1.376'
 'B.1.1.500' 'B.1.1.163' 'B.1.1.364' 'B.1.115' 'B.1.323' 'B.1.294'
 'B.1.564' 'B.1.38' 'B.1.413' 'B.1.360' 'B.1.321' 'B.1.1.166' 'B.1.350'
 'B.1.166' 'B.1.319' 'B.1.513' 'B.1.520' 'B.1.344' 'B.1.510' 'B.1.320'
 'B.1.485' 'B.1.341' 'B.1.572' 'B.1.453' 'B.1.1.361' 'B.1.1.306'
 'B.1.1.441' 'B.1.1.398' 'B.1.1.372' 'B.1.1.33' 'B.1.1.43' 'B.1.1.122'
 'B.1.1.164' 'B.1.1.200' 'B.1.1.137' 'B.1.173' 'B.1.1.134' 'B.1.1.59'
 'B.1.1.367' 'B.1.1.118' 'B.1.1.148' 'B.1.1.12' 'B.1.1.168' 'B.1.1.26'
 'B.1.1.485' 'B.1.1.25' 'B.1.1.378' 'B.1.1.440' 'B.1.1.169' 'B.1.1.463'
 'B.1.1.402' 'B.1.1.174' 'B.1.1.129' 'B.1.1.57' 'B.1.1.10' 'B.1.268'
 'B.1.302' 'B.1.167' 'B.1.1.464' 'B.1.1.8' 'B.1.1.232' 'B.1.1.257'
 'B.1.1.323' 'B.1.1.458' 'B.1.1.63' 'B.1.1.45' 'B.1.1.14' 'B.1.1.304'
 'B.1.1.413' 'B.1.1.426' 'B.1.1.194' 'B.1.1.130' 'B.1.1.261' 'B.1.1.241'
 'B.1.1.15' 'B.1.1.270' 'B.1.1.421' 'B.1.1.115' 'B.1.1.41' 'B.1.1.231'
 'B.1.1.37' 'B.1.1.310' 'B.1.1.309' 'B.1.1.356' 'B.1.1.107' 'B.1.1.307'
 'B.1.1.480' 'B.1.1.220' 'B.1.487' 'B.1.1.317' 'B.1.108' 'B.1.489'
 'B.1.39' 'B.1.431' 'B.1.511' 'B.1.110.2' 'B.1.483' 'B.1.479' 'B.1.37'
 'B.1.274' 'B.1.277' 'B.1.273' 'B.1.565' 'B.1.210' 'B.1.131' 'B.1.188'
 'B.1.256' 'B.1.408' 'B.1.407' 'B.1.551' 'B.1.402' 'B.1.232' 'B.1.530'
 'B.1.1.297' 'B.1.1.154' 'B.1.1.5' 'B.1.1.222' 'B.1.1.180' 'B.1.1.34'
 'B.1.1.67' 'B.34' 'B.35' 'B.6.6' 'B.1.1.161' 'A.5' 'B.1.67' 'B.1.76'
 'B.1.215' 'B.1.8' 'B.1.81' 'B.1.201' 'B.1.395' 'B.1.383' 'B.1.142'
 'B.1.145' 'B.1.78' 'B.1.195' 'B.1.134' 'B.1.545' 'B.1.105' 'B.1.378'
 'B.1.199' 'B.1.70' 'B.1.377' 'B.1.137' 'B.43' 'A.7' 'B.1.103' 'B.1'
 'B.32' 'B.1.1.192' 'B.40' 'B.15' 'B.20' 'B.1.14' 'B.27' 'B.55' 'B.26'
 'B.23' 'B.5' 'B.6' 'B.47' 'B.46' 'B.57' 'B.11' 'B.10' 'B.42' 'B.51'
 'B.13' 'B.45' 'B.12' 'A' 'B.28' 'B.61' 'B.33' 'B.41' 'B.29' 'B.18' 'B.31'
 'B.1.178' 'B.1.147' 'B.1.6' 'B.1.151' 'B.1.382' 'A.11' 'A.21' 'A.19'
 'A.12' 'B.1.219' 'B.1.153' 'B.1.393' 'B.1.416' 'B.1.233' 'B.1.239'
 'B.1.397' 'B.1.400' 'B.1.238' 'B.1.558' 'B.1.399' 'B.1.401' 'B.1.240'
 'B.1.249' 'B.1.252' 'B.1.1.95' 'B.1.1.197' 'B.1.1.92' 'B.1.1.142'
 'B.1.1.71' 'B.1.1.189' 'B.1.1.205' 'B.1.110' 'B.1.1' 'B.1.250' 'B.1.77'
 'B.1.146' 'B.1.208' 'B.1.205' 'B.1.35' 'B.1.384' 'B.1.23' 'B.1.198'
 'B.1.93' 'B.1.390' 'B.1.69' 'B.1.379' 'B.1.126' 'B.1.182' 'B.1.251'
 'B.1.180' 'B.1.157' 'B.1.223' 'B.1.225' 'B.1.609' 'B.1.420' 'B.1.181'
 'B.1.557' 'B.1.559' 'B.1.391' 'B.1.104' 'B.1.248' 'B.1.1.116' 'B.1.1.193'
 'AY.17' 'N.8' 'B.1.1.344' 'B.1.1.450' 'B.1.1.182' 'B.1.1.243' 'B.1.1.482'
 'B.1.1.214' 'B.1.1.486' 'B.1.1.322' 'B.1.498' 'B.1.508' 'B.1.504'
 'B.1.499' 'B.1.505' 'B.1.428.1' 'B.1.574' 'B.1.313' 'B.1.516' 'B.1.521'
 'B.1.435' 'B.1.433' 'B.1.585' 'B.1.605' 'B.1.1.316' 'P.2' 'B.1.1.153'
 'B.1.1.269' 'B.1.1.190' 'B.1.1.198' 'B.1.1.170' 'B.1.1.218' 'B.1.1.294'
 'B.1.1.315' 'B.1.533' 'B.1.1.354' 'B.1.1.136' 'B.1.1.432' 'L.2'
 'B.1.1.403' 'B.1.1.47' 'B.1.1.226' 'B.1.1.139' 'B.1.1.39' 'AE.1' 'AE.6'
 'B.1.548' 'B.1.1.373' 'B.1.120' 'B.1.314' 'B.1.426' 'B.1.448' 'B.1.491'
 'B.1.110.3' 'B.1.282' 'B.1.184' 'AK.1' 'B.1.1.216' 'B.1.1.29' 'B.1.1.397'
 'B.1.532' 'B.1.1.207' 'L.4' 'P.1' 'AY.11' 'AY.69' 'AY.59' 'AY.58' 'AY.62'
 'AY.26' 'AY.71' 'AY.65' 'AY.67' 'AY.56' 'Q.1' 'AY.47' 'AY.10' 'AY.27'
 'AY.73' 'AY.37' 'AY.2' 'Q.2' 'AY.13' 'AY.16' 'AY.8' 'AY.50' 'AY.54'
 'AY.14' 'AY.15' 'AY.52' 'AY.51' 'AY.75' 'AY.38' 'AY.9' 'M.3' 'B.1.1.93'
 'B.1.500' 'B.1.425' 'B.1.1.251' 'M.2' 'B.1.1.236' 'AD.2' 'B.1.311'
 'B.1.1.290' 'B.1.617.2' 'B.1.617.1' 'B.1.1.277' 'B.1.348' 'AY.24'
 'B.1.623' 'B.1.177.28' 'R.2' 'B.1.575' 'B.1.429' 'B.1.1.7' 'B.1.427'
 'B.1.526' 'B.1.575.1' 'B.1.637' 'AY.55' 'AY.61' 'B.1.1.89' 'B.1.1.239'
 'B.1.1.268' 'B.1.1.210' 'B.1.1.305' 'B.1.1.49' 'B.1.1.283' 'B.1.1.181'
 'B.1.1.98' 'B.1.1.360' 'B.1.1.237' 'B.1.1.365' 'B.1.1.149' 'B.1.359'
 'B.1.497' 'B.1.495' 'B.1.3' 'B.1.309' 'B.1.437' 'B.1.369' 'B.1.428'
 'B.1.515' 'B.1.298' 'B.1.117' 'B.1.304' 'B.1.264.1' 'B.1.606' 'B.1.452'
 'B.1.350.1' 'B.1.337' 'B.1.168' 'B.1.1.48' 'B.1.1.162' 'B.1.1.229'
 'B.1.1.285' 'B.1.1.217' 'B.1.1.141' 'B.1.560' 'B.1.1.201' 'B.1.1.46'
 'B.1.1.487' 'B.1.1.416' 'B.1.1.266' 'B.1.1.228' 'B.1.1.152' 'B.1.1.58'
 'B.1.1.325' 'B.1.1.380' 'B.1.1.362' 'B.1.1.395' 'B.1.1.244' 'B.1.1.111'
 'B.1.1.177' 'B.1.1.359' 'B.1.1.263' 'B.1.1.385' 'B.1.1.381' 'B.1.1.312'
 'B.1.1.262' 'B.1.1.213' 'B.1.1.114' 'B.1.1.113' 'B.1.335' 'B.1.451'
 'B.1.334' 'B.1.289' 'B.1.416.1' 'B.1.396' 'B.1.403' 'B.1.610' 'B.1.241'
 'B.1.405' 'B.1.554' 'B.1.1.289' 'B.1.1.77' 'B.1.1.521' 'B.1.1.368'
 'B.1.1.125' 'B.1.1.38' 'B.1.1.208' 'B.1.1.145' 'B.1.1.165' 'B.1.1.369'
 'B.1.1.371' 'B.59' 'N.4' 'N.3' 'N.2' 'AN.1' 'B.1.1.123' 'B.1.1.159'
 'B.1.1.308' 'B.1.1.240' 'B.1.190' 'A.26' 'A.25' 'A.3' 'B.1.586' 'B.1.424'
 'B.1.450' 'B.1.265' 'B.1.336' 'B.1.370' 'B.1.590' 'B.1.116' 'B.1.22'
 'B.1.306' 'B.1.332' 'B.1.349' 'B.1.607' 'B.1.372' 'B.1.356' 'B.1.328'
 'B.1.40' 'B.1.597' 'B.1.492' 'B.1.110.1' 'B.1.276' 'B.1.281' 'B.1.159'
 'B.1.280' 'B.1.480' 'B.1.544' 'B' 'AY.63']"
abundances	"[0.00439356 0.0020123  0.0020123  0.0020123  0.0020123  0.0020123
 0.0020123  0.0020123  0.0020123  0.0020123  0.0020123  0.0020123
 0.0020123  0.0020123  0.0020123  0.0020123  0.0020123  0.0020123
 0.0020123  0.0020123  0.0020123  0.0020123  0.0020123  0.0020123
 0.0020123  0.0020123  0.0020123  0.0020123  0.0020123  0.0020123
 0.0020123  0.0020123  0.0020123  0.0020123  0.0020123  0.0020123
 0.0020123  0.0020123  0.0020123  0.0020123  0.0020123  0.0020123
 0.0020123  0.0020123  0.0020123  0.0020123  0.0020123  0.0020123
 0.0020123  0.0020123  0.0020123  0.0020123  0.0020123  0.0020123
 0.0020123  0.0020123  0.0020123  0.0020123  0.0020123  0.0020123
 0.0020123  0.0020123  0.0020123  0.0020123  0.0020123  0.0020123
 0.0020123  0.0020123  0.0020123  0.0020123  0.0020123  0.0020123
 0.0020123  0.0020123  0.0020123  0.0020123  0.0020123  0.0020123
 0.0020123  0.0020123  0.0020123  0.0020123  0.0020123  0.0020123
 0.0020123  0.0020123  0.0020123  0.0020123  0.0020123  0.0020123
 0.0020123  0.0020123  0.0020123  0.0020123  0.0020123  0.0020123
 0.0020123  0.0020123  0.0020123  0.0020123  0.0020123  0.0020123
 0.0020123  0.0020123  0.0020123  0.0020123  0.0020123  0.0020123
 0.0020123  0.0020123  0.0020123  0.0020123  0.0020123  0.0020123
 0.0020123  0.0020123  0.0020123  0.0020123  0.0020123  0.0020123
 0.0020123  0.0020123  0.0020123  0.0020123  0.0020123  0.0020123
 0.0020123  0.0020123  0.0020123  0.0020123  0.0020123  0.0020123
 0.0020123  0.0020123  0.0020123  0.0020123  0.0020123  0.0020123
 0.0020123  0.0020123  0.0020123  0.0020123  0.0020123  0.0020123
 0.0020123  0.0020123  0.0020123  0.0020123  0.0020123  0.0020123
 0.0020123  0.0020123  0.0020123  0.0020123  0.0020123  0.0020123
 0.0020123  0.0020123  0.0020123  0.0020123  0.0020123  0.0020123
 0.0020123  0.0020123  0.0020123  0.0020123  0.0020123  0.0020123
 0.0020123  0.0020123  0.0020123  0.0020123  0.0020123  0.0020123
 0.0020123  0.0020123  0.0020123  0.0020123  0.0020123  0.0020123
 0.0020123  0.0020123  0.0020123  0.0020123  0.0020123  0.0020123
 0.0020123  0.0020123  0.0020123  0.0020123  0.0020123  0.0020123
 0.0020123  0.0020123  0.0020123  0.0020123  0.0020123  0.0020123
 0.0020123  0.0020123  0.0020123  0.0020123  0.0020123  0.0020123
 0.0020123  0.0020123  0.0020123  0.0020123  0.0020123  0.0020123
 0.0020123  0.0020123  0.0020123  0.0020123  0.0020123  0.0020123
 0.0020123  0.0020123  0.0020123  0.0020123  0.0020123  0.0020123
 0.0020123  0.0020123  0.0020123  0.0020123  0.0020123  0.0020123
 0.0020123  0.0020123  0.0020123  0.0020123  0.0020123  0.0020123
 0.0020123  0.0020123  0.0020123  0.0020123  0.0020123  0.0020123
 0.0020123  0.0020123  0.0020123  0.0020123  0.0020123  0.0020123
 0.0020123  0.0020123  0.0020123  0.0020123  0.0020123  0.0020123
 0.0020123  0.0020123  0.0020123  0.0020123  0.0020123  0.0020123
 0.0020123  0.0020123  0.0020123  0.0020123  0.0020123  0.0020123
 0.0020123  0.0020123  0.0020123  0.0020123  0.0020123  0.0020123
 0.0020123  0.0020123  0.0020123  0.0020123  0.0020123  0.0020123
 0.0020123  0.0020123  0.0020123  0.0020123  0.0020123  0.0020123
 0.0020123  0.0020123  0.0020123  0.0020123  0.0020123  0.0020123
 0.0020123  0.0020123  0.0020123  0.0020123  0.0020123  0.0020123
 0.0020123  0.0020123  0.0020123  0.0020123  0.0020123  0.0020123
 0.0020123  0.0020123  0.0020123  0.0020123  0.0020123  0.0020123
 0.0020123  0.0020123  0.0020123  0.0020123  0.0020123  0.0020123
 0.0020123  0.0020123  0.0020123  0.0020123  0.0020123  0.0020123
 0.0020123  0.0020123  0.0020123  0.0020123  0.0020123  0.0020123
 0.0020123  0.0020123  0.0020123  0.0020123  0.0020123  0.0020123
 0.0020123  0.0020123  0.0020123  0.0020123  0.0020123  0.0020123
 0.0020123  0.0020123  0.0020123  0.0020123  0.0020123  0.0020123
 0.0020123  0.0020123  0.0020123  0.0020123  0.0020123  0.0020123
 0.0020123  0.0020123  0.0020123  0.0020123  0.0020123  0.0020123
 0.0020123  0.0020123  0.0020123  0.0020123  0.0020123  0.0020123
 0.0020123  0.0020123  0.0020123  0.0020123  0.0020123  0.0020123
 0.0020123  0.0020123  0.0020123  0.0020123  0.0020123  0.0020123
 0.0020123  0.0020123  0.0020123  0.0020123  0.0020123  0.0020123
 0.0020123  0.0020123  0.0020123  0.0020123  0.0020123  0.0020123
 0.0020123  0.0020123  0.0020123  0.0020123  0.0020123  0.0020123
 0.0020123  0.0020123  0.0020123  0.0020123  0.0020123  0.0020123
 0.0020123  0.0020123  0.0020123  0.0020123  0.0020123  0.0020123
 0.0020123  0.0020123  0.0020123  0.0020123  0.0020123  0.0020123
 0.0020123  0.0020123  0.0020123  0.0020123  0.0020123  0.0020123
 0.0020123  0.0020123  0.0020123  0.0020123  0.0020123  0.0020123
 0.0020123  0.0020123  0.0020123  0.0020123  0.0020123  0.0020123
 0.0020123  0.0020123  0.0020123  0.0020123  0.0020123  0.0020123
 0.0020123  0.0020123  0.0020123  0.0020123  0.0020123  0.0020123
 0.0020123  0.0020123  0.0020123  0.0020123  0.0020123  0.0020123
 0.0020123  0.0020123  0.0020123  0.0020123  0.0020123  0.0020123
 0.0020123  0.0020123  0.0020123  0.0020123  0.0020123  0.0020123
 0.0020123  0.0020123  0.0020123  0.0020123  0.0020123  0.0020123
 0.0020123  0.0020123  0.0020123  0.0020123  0.0020123  0.0020123
 0.0020123  0.0020123  0.0020123  0.0020123  0.0020123  0.0020123
 0.0020123  0.0020123  0.0020123  0.0020123  0.0020123  0.0020123
 0.0020123  0.0020123  0.0020123  0.0020123  0.0020123  0.0020123
 0.0020123  0.0020123  0.0020123  0.0020123  0.0020123  0.0020123
 0.0020123  0.00118765]"
resid	0.1540230142562546
