	variants/220331.25617_S141.variants.tsv
summarized	[('Other', 0.943462897507412), ('A', 0.023557126030148035), ('Alpha', 0.008244994110551815), ('Omicron', 0.00588928150753701), ('Beta', 0.004711425206029608), ('Epsilon', 0.0035335689045222062), ('Mu', 0.0035335689045222062), ('Lambda', 0.002355712603014804), ('Delta', 0.001177856301507402), ('Kappa', 0.001177856301507402), ('Iota', 0.001177856301507402), ('Theta', 0.001177856301507402)]
lineages	"['AY.122.2' 'B.1.1.253' 'B.1.1.255' 'B.1.1.241' 'B.1.1.261' 'B.1.1.160'
 'B.1.1.135' 'B.1.1.130' 'B.1.1.155' 'B.1.1.258' 'B.1.1.384' 'B.1.1.194'
 'B.1.1.426' 'B.1.1.413' 'B.1.1.304' 'B.1.1.14' 'B.1.1.45' 'B.1.1.63'
 'B.1.1.458' 'B.1.1.323' 'B.1.1.257' 'B.1.1.17' 'B.1.1.349' 'B.1.1.423'
 'B.1.1.232' 'B.1.1.15' 'B.1.1.82' 'B.1.465' 'B.1.1.270' 'B.1.1.116'
 'B.1.1.70' 'B.1.1.27' 'B.1.1.299' 'B.1.1.513' 'B.1.1.301' 'B.1.1.514'
 'B.1.1.300' 'B.1.1.307' 'B.1.1.107' 'B.1.1.356' 'B.1.1.309' 'B.1.1.310'
 'B.1.1.37' 'B.1.1.231' 'B.1.1.328' 'B.1.1.329' 'B.1.1.41' 'B.1.1.115'
 'B.1.1.133' 'B.1.1.204' 'B.1.1.421' 'B.1.1.249' 'B.1.1.8' 'B.1.1.480'
 'B.1.1.119' 'B.1.1.464' 'B.1.479' 'B.1.483' 'B.1.110.2' 'B.1.511'
 'B.1.431' 'B.1.333' 'B.1.330' 'B.1.329' 'B.1.39' 'B.1.489' 'B.1.108'
 'B.1.487' 'B.1.167' 'B.1.302' 'B.1.268' 'B.1.453' 'B.1.572' 'B.1.341'
 'B.1.324' 'B.1.485' 'B.1.320' 'B.1.510' 'B.1.344' 'B.1.37' 'B.1.13'
 'B.1.274' 'B.1.1.297' 'B.1.1.352' 'B.1.1.158' 'B.1.1.220' 'B.1.1.317'
 'B.1.1.222' 'B.1.1.5' 'B.1.1.75' 'B.1.1.3' 'B.1.1.154' 'B.1.1.404'
 'B.1.530' 'B.1.277' 'B.1.256' 'B.1.131' 'B.1.214' 'B.1.210' 'B.1.565'
 'B.1.139' 'B.1.127' 'B.1.620' 'B.1.478' 'B.1.273' 'B.1.1.67' 'B.1.1.193'
 'D.3' 'B.1.1.365' 'B.1.337' 'B.1.350.1' 'B.1.452' 'B.1.606' 'B.1.264.1'
 'B.1.304' 'B.1.117' 'B.1.366' 'B.1.515' 'B.1.428' 'B.1.287' 'B.1.318'
 'B.1.437' 'B.1.604' 'B.1.309' 'B.1.3' 'B.1.495' 'B.1.497' 'B.1.493'
 'B.1.359' 'B.1.1.408' 'B.1.1.374' 'B.1.1.327' 'B.1.168' 'B.1.335'
 'B.1.451' 'B.1.332' 'B.1.40' 'B.1.328' 'B.1.340' 'B.1.356' 'B.1.12'
 'B.1.372' 'B.1.607' 'B.1.342' 'B.1.293' 'B.1.349' 'B.1.306' 'B.1.289'
 'B.1.22' 'B.1.590' 'B.1.370' 'B.1.336' 'B.1.595' 'B.1.301' 'B.1.450'
 'B.1.424' 'B.1.586' 'B.1.310' 'B.1.1.149' 'B.1.1.237' 'B.1.1.217'
 'B.1.1.360' 'B.1.1.111' 'B.1.1.244' 'B.1.1.395' 'B.1.1.362' 'B.1.1.109'
 'B.1.1.380' 'B.1.1.325' 'B.1.1.58' 'B.1.1.152' 'B.1.1.228' 'B.1.1.266'
 'B.1.1.416' 'B.1.1.101' 'B.1.1.487' 'B.1.1.132' 'B.1.1.524' 'B.1.1.46'
 'B.1.1.201' 'B.1.560' 'B.1.1.506' 'B.1.1.396' 'B.1.1.280' 'B.1.1.141'
 'B.1.1.177' 'B.1.1.345' 'B.1.1.359' 'B.1.1.285' 'B.1.1.379' 'B.1.1.98'
 'B.1.1.181' 'B.1.1.51' 'B.1.1.283' 'B.1.1.305' 'B.1.1.48' 'B.1.1.210'
 'B.1.1.282' 'B.1.1.162' 'B.1.1.113' 'B.1.1.263' 'B.1.1.114' 'B.1.1.213'
 'B.1.1.72' 'B.1.1.176' 'B.1.1.262' 'B.1.1.312' 'B.1.1.381' 'B.1.1.461'
 'B.1.1.437' 'B.1.1.385' 'B.1.520' 'B.1.513' 'B.1.319' 'B.1.201' 'B.4.7'
 'B.4.4' 'B.43' 'B.58' 'B.1.203' 'B.1.543' 'B.1.137' 'B.1.194' 'B.1.187'
 'B.1.377' 'B.1.70' 'B.1.179' 'B.1.91' 'B.1.199' 'B.1.378' 'B.1.545'
 'B.1.134' 'B.1.195' 'B.1.78' 'B.1.143' 'B.1.145' 'B.1.142' 'B.1.383'
 'A.6' 'A.7' 'B.1.103' 'B.1.198' 'B.1.157' 'B.1.180' 'B.1.182' 'B.1.77'
 'B.1.379' 'B.1.222' 'B.1.106' 'B.1.206' 'B.1.539' 'B.1.69' 'B.1.23'
 'B.1.220' 'B.1.384' 'B.1.35' 'B.1.205' 'B.1.208' 'B.1.146' 'B.1.151'
 'B.1.6' 'B.1.213' 'B.1.147' 'B.1.178' 'B.1.395' 'B.1.81' 'B.1.225'
 'B.1.8' 'A.27' 'A' 'B.4' 'B.12' 'B.13' 'B.51' 'B.42' 'B.10' 'B.11' 'B.57'
 'B.52' 'B.46' 'B.47' 'B.6' 'B.5' 'B.19' 'B.23' 'B.26' 'B.55' 'B.27'
 'B.1.14' 'B.20' 'B.15' 'B.61' 'B.33' 'B.41' 'B.39' 'B.1.215' 'B.1.76'
 'B.1.67' 'A.1' 'A.5' 'B.4.8' 'B.4.5' 'B.1.1.161' 'B.6.6' 'B.35' 'B.60'
 'B.29' 'B.1' 'B.4.6' 'B.34' 'B.32' 'B.37' 'B.40' 'B.31' 'B.30' 'B.3'
 'B.18' 'B.1.223' 'B.1.609' 'B.1.166' 'B.1.173' 'B.1.1.187' 'B.1.1.441'
 'B.1.1.398' 'B.1.1.10' 'B.1.1.57' 'B.1.1.129' 'B.1.1.185' 'B.1.1.174'
 'B.1.1.402' 'B.1.1.463' 'B.1.1.169' 'B.1.1.438' 'B.1.1.440' 'B.1.1.378'
 'B.1.1.25' 'B.1.1.485' 'B.1.1.26' 'B.1.1.168' 'B.1.1.12' 'B.1.1.148'
 'B.1.1.118' 'B.1.1.367' 'B.1.1.59' 'B.1.1.306' 'B.1.1.361' 'B.1.1.447'
 'B.1.315' 'B.1.350' 'B.1.321' 'B.1.264' 'B.1.360' 'B.1.413' 'B.1.38'
 'B.1.564' 'B.1.294' 'B.1.323' 'B.1.115' 'B.1.267' 'B.1.1.172' 'B.1.1.364'
 'B.1.1.341' 'B.1.1.121' 'B.1.1.163' 'B.1.1.320' 'B.1.1.275' 'B.1.1.500'
 'B.1.1.203' 'B.1.1.376' 'B.1.1.175' 'B.1.1.134' 'B.1.1.137' 'B.1.420'
 'B.1.1.200' 'B.1.636' 'B.1.393' 'B.1.153' 'B.1.128' 'B.1.96' 'B.1.219'
 'A.12' 'A.19' 'A.18' 'A.21' 'A.11' 'B.1.382' 'B.1.110' 'B.1.1' 'B.1.250'
 'B.1.251' 'B.1.104' 'B.1.391' 'B.1.559' 'B.1.557' 'B.1.415' 'B.1.418'
 'B.1.181' 'B.1.546' 'B.1.639' 'B.1.415.1' 'B.1.1.34' 'B.1.1.164'
 'B.1.1.122' 'B.1.1.43' 'B.1.1.33' 'B.1.1.372' 'B.1.1.83' 'B.1.1.180'
 'B.1.1.274' 'B.1.1.166' 'B.1.1.254' 'B.1.1.192' 'B.1.600' 'B.1.1.205'
 'B.1.1.189' 'B.1.1.71' 'B.1.1.142' 'B.1.1.92' 'B.1.1.197' 'B.1.1.95'
 'B.1.252' 'B.1.254' 'B.1.249' 'B.1.492' 'B.1.470' 'Q.2' 'B.1.177.52'
 'B.1.177.51' 'B.1.177.71' 'B.1.177.45' 'B.1.177.32' 'B.1.177.10'
 'B.1.177.20' 'B.1.177.19' 'B.1.177.69' 'B.1.177.33' 'B.1.617.1'
 'B.1.1.290' 'B.1.438.1' 'B.1.438.3' 'B.1.351' 'B.1.499.1' 'AD.2'
 'B.1.1.236' 'M.2' 'C.5' 'C.16' 'B.1.1.375' 'C.17' 'C.36' 'B.1.177.24'
 'B.1.177.25' 'B.1.523' 'B.1.1.338' 'B.1.177.53' 'B.1.177.85' 'B.1.177.50'
 'B.1.177.3' 'B.1.177.2' 'B.1.177.74' 'B.1.177.23' 'B.1.177.9'
 'B.1.177.18' 'B.1.258.7' 'B.1.258.6' 'B.1.258.12' 'B.1.258.11'
 'B.1.258.2' 'B.1.562' 'B.1.588' 'B.1.1.303' 'BA.1.1' 'M.3' 'C.18' 'C.20'
 'C.30' 'B.1.1.277' 'C.23' 'B.1.1.251' 'B.1.1.434' 'AK.2' 'B.1.501'
 'B.1.502' 'B.1.1.93' 'B.1.1.279' 'B.1.1.286' 'L.4' 'B.1.1.44' 'AV.1'
 'B.1.1.453' 'D.4' 'B.1.1.337' 'B.1.1.207' 'B.1.1.227' 'B.1.1.190'
 'B.1.1.269' 'B.1.1.153' 'C.2' 'C.28' 'C.32' 'C.26' 'C.4' 'C.1' 'C.14'
 'B.1.500' 'B.1.428.3' 'B.1.411' 'B.1.9.4' 'B.1.1.348' 'B.1.531' 'AS.2'
 'B.1.177.75' 'B.1.177.72' 'B.1.177.16' 'B.1.177.17' 'A.23' 'B.1.619'
 'B.1.9.5' 'B.1.9.2' 'B.1.305' 'B.1.9.1' 'B.1.438' 'B.1.375' 'B.1.425'
 'B.1.595.1' 'B.1.445' 'B.1.570' 'B.1.517' 'B.1.569' 'B.1.338'
 'B.1.177.21' 'B.1.177.77' 'C.31' 'Z.1' 'AA.6' 'AA.4' 'AA.8' 'B.1.1.7'
 'B.1.1.318' 'C.37.1' 'U.1' 'B.1.177.62' 'B.1.177.57' 'B.1.177.26'
 'B.1.177.30' 'B.1.351.3' 'B.1.351.2' 'C.36.3' 'B.1.177.86' 'U.3'
 'B.1.177.67' 'B.1.177.47' 'V.2' 'V.1' 'B.1.177.39' 'B.1.429' 'B.1.575'
 'AA.5' 'AA.2' 'B.1.427' 'AZ.2' 'Q.8' 'B.1.429.1' 'Q.7' 'AZ.2.1' 'Q.4'
 'XA' 'Q.1' 'Q.3' 'AZ.4' 'AZ.5' 'C.36.3.1' 'B.1.526' 'B.1.177.89' 'AA.7'
 'AZ.3' 'BB.1' 'B.1.637' 'B.1.575.1' 'B.1.177.63' 'AA.3' 'B.1.621.2'
 'B.1.351.5' 'R.2' 'B.1.177.6' 'C.38' 'B.1.177.54' 'B.1.177.7'
 'B.1.177.58' 'B.1.177.5' 'B.1.177.55' 'B.1.177.56' 'W.2' 'W.3'
 'B.1.177.82' 'B.1.177.83' 'B.1.177.73' 'B.1.177.43' 'AA.1' 'B.1.258.5'
 'B.1.258.4' 'B.1.258.22' 'B.1.258.10' 'G.1' 'B.1.160' 'B.1.438.4'
 'B.1.348' 'BA.2' 'BA.3' 'C.37' 'B.1.177.48' 'B.1.177.8' 'B.1.177.60'
 'B.1.177.15' 'W.1' 'W.4' 'B.1.177.4' 'B.1.177.87' 'B.1.177.84'
 'B.1.177.28' 'B.1.177.12' 'B.1.177.40' 'B.1.177.35' 'B.1.177.44'
 'B.1.258.17' 'B.1.177.65' 'B.1.258.3' 'B.1.621' 'B.1.623' 'B.1.587'
 'B.1.1.219' 'AP.1' 'B.1.1.519' 'B.1.177.81' 'Y.1' 'B.1.177.59' 'C.3'
 'C.25' 'C.27' 'N.3' 'B.1.1.89' 'B.1.1.239' 'B.1.1.147' 'B.1.1.512'
 'B.1.1.268' 'B.1.1.229' 'B.1.1.16' 'B.1.1.240' 'B.1.1.311' 'B.1.1.308'
 'B.1.1.159' 'B.1.1.86' 'B.1.1.420' 'B.1.1.242' 'B.1.1.256' 'B.1.1.97'
 'B.1.1.406' 'B.1.1.123' 'AN.1' 'B.1.1.61' 'N.9' 'N.6' 'N.2' 'B.1.1.178'
 'B.1.1.315' 'B.1.533' 'B.1.1.226' 'B.1.576' 'B.1.494' 'B.1.1.373'
 'B.1.1.363' 'AE.4' 'B.1.548' 'AE.6' 'AE.1' 'B.1.1.428' 'B.1.1.139'
 'B.1.1.284' 'B.1.1.354' 'B.1.1.47' 'B.1.1.403' 'AC.1' 'L.2' 'B.1.1.288'
 'B.1.1.13' 'B.1.1.432' 'B.1.1.529' 'B.1.1.136' 'B.1.1.120' 'N.1' 'N.4'
 'B.1.603' 'B.59' 'B.1.1.221' 'B.1.189' 'B.1.190' 'B.1.1.291' 'B.1.113'
 'B.1.97' 'A.28' 'A.4' 'A.24' 'A.26' 'A.25' 'A.3' 'B.1.632' 'B.1.544'
 'B.1.280' 'B.1.474' 'B.1.159' 'B.1.281' 'B.1.276' 'B.1.110.1' 'B.1.462'
 'B.1.467' 'B.1.471' 'B.1.1.289' 'B.1.1.459' 'B.1.1.517' 'B.1.1.145'
 'B.1.1.371' 'B.1.1.298' 'B.1.1.1' 'B.1.1.186' 'B.1.1.55' 'B.1.1.339'
 'P.3' 'B.1.1.165' 'B.1.1.392' 'B.1.1.128' 'B.1.1.208' 'AS.1' 'B.1.1.38'
 'B.1.1.138' 'B.1.1.389' 'B.1.1.125' 'B.1.1.326' 'B.1.1.368' 'B.1.1.355'
 'B.1.1.518' 'B.1.1.521' 'B.1.1.77' 'B.1.120' 'B.1.314' 'C.12' 'D.5'
 'B.1.313' 'B.1.574' 'B.1.428.2' 'B.1.428.1' 'B.1.505' 'B.1.499' 'B.1.503'
 'B.1.504' 'B.1.508' 'B.1.507' 'B.1.498' 'B.1.1.322' 'B.1.1.486' 'AE.7'
 'AE.2' 'B.1.1.214' 'B.1.1.482' 'B.1.1.358' 'B.1.1.243' 'BA.1' 'B.1.1.351'
 'B.1.1.353' 'B.1.1.182' 'B.1.165' 'B.1.595.2' 'B.1.595.3' 'B.1.460'
 'C.13' 'C.35' 'P.6' 'B.1.1.523' 'B.1.1.316' 'B.1.177' 'B.1.258' 'B.1.549'
 'B.1.627' 'B.1.469' 'B.1.466.1' 'B.1.595.4' 'B.1.466.2' 'B.1.625'
 'B.1.443' 'B.1.9' 'B.1.509' 'B.1.605' 'B.1.626' 'B.1.585' 'B.1.433'
 'B.1.435' 'D.2' 'B.1.1.225' 'B.1.346' 'B.1.1.296' 'B.1.468' 'B.1.466'
 'B.1.170' 'B.1.164' 'B.1.162' 'B.1.245' 'B.1.111' 'B.1.124' 'B.1.436'
 'B.1.442' 'B.1.161' 'B.1.439' 'B.1.163' 'B.1.112' 'B.1.578' 'B.1.491'
 'B.1.44' 'B.1.325' 'B.1.594' 'B.1.426' 'B.1.567' 'B.1.589' 'B.1.577'
 'B.1.110.3' 'B.1.282' 'A.29' 'B.1.1.397' 'B.1.1.450' 'B.1.1.344'
 'B.1.1.234' 'B.1.1.198' 'B.1.1.302' 'N.8' 'N.5' 'B.1.1.170' 'B.1.1.294'
 'B.1.1.467' 'AH.2' 'A.23.1' 'AH.1' 'P.7' 'B.1.1.29' 'B.1.1.216'
 'B.1.1.171' 'B.1.1.224' 'B.1.1.4' 'B.1.1.418' 'B.1.1.74' 'AG.1' 'B']"
abundances	"[0.00117786 0.00117786 0.00117786 0.00117786 0.00117786 0.00117786
 0.00117786 0.00117786 0.00117786 0.00117786 0.00117786 0.00117786
 0.00117786 0.00117786 0.00117786 0.00117786 0.00117786 0.00117786
 0.00117786 0.00117786 0.00117786 0.00117786 0.00117786 0.00117786
 0.00117786 0.00117786 0.00117786 0.00117786 0.00117786 0.00117786
 0.00117786 0.00117786 0.00117786 0.00117786 0.00117786 0.00117786
 0.00117786 0.00117786 0.00117786 0.00117786 0.00117786 0.00117786
 0.00117786 0.00117786 0.00117786 0.00117786 0.00117786 0.00117786
 0.00117786 0.00117786 0.00117786 0.00117786 0.00117786 0.00117786
 0.00117786 0.00117786 0.00117786 0.00117786 0.00117786 0.00117786
 0.00117786 0.00117786 0.00117786 0.00117786 0.00117786 0.00117786
 0.00117786 0.00117786 0.00117786 0.00117786 0.00117786 0.00117786
 0.00117786 0.00117786 0.00117786 0.00117786 0.00117786 0.00117786
 0.00117786 0.00117786 0.00117786 0.00117786 0.00117786 0.00117786
 0.00117786 0.00117786 0.00117786 0.00117786 0.00117786 0.00117786
 0.00117786 0.00117786 0.00117786 0.00117786 0.00117786 0.00117786
 0.00117786 0.00117786 0.00117786 0.00117786 0.00117786 0.00117786
 0.00117786 0.00117786 0.00117786 0.00117786 0.00117786 0.00117786
 0.00117786 0.00117786 0.00117786 0.00117786 0.00117786 0.00117786
 0.00117786 0.00117786 0.00117786 0.00117786 0.00117786 0.00117786
 0.00117786 0.00117786 0.00117786 0.00117786 0.00117786 0.00117786
 0.00117786 0.00117786 0.00117786 0.00117786 0.00117786 0.00117786
 0.00117786 0.00117786 0.00117786 0.00117786 0.00117786 0.00117786
 0.00117786 0.00117786 0.00117786 0.00117786 0.00117786 0.00117786
 0.00117786 0.00117786 0.00117786 0.00117786 0.00117786 0.00117786
 0.00117786 0.00117786 0.00117786 0.00117786 0.00117786 0.00117786
 0.00117786 0.00117786 0.00117786 0.00117786 0.00117786 0.00117786
 0.00117786 0.00117786 0.00117786 0.00117786 0.00117786 0.00117786
 0.00117786 0.00117786 0.00117786 0.00117786 0.00117786 0.00117786
 0.00117786 0.00117786 0.00117786 0.00117786 0.00117786 0.00117786
 0.00117786 0.00117786 0.00117786 0.00117786 0.00117786 0.00117786
 0.00117786 0.00117786 0.00117786 0.00117786 0.00117786 0.00117786
 0.00117786 0.00117786 0.00117786 0.00117786 0.00117786 0.00117786
 0.00117786 0.00117786 0.00117786 0.00117786 0.00117786 0.00117786
 0.00117786 0.00117786 0.00117786 0.00117786 0.00117786 0.00117786
 0.00117786 0.00117786 0.00117786 0.00117786 0.00117786 0.00117786
 0.00117786 0.00117786 0.00117786 0.00117786 0.00117786 0.00117786
 0.00117786 0.00117786 0.00117786 0.00117786 0.00117786 0.00117786
 0.00117786 0.00117786 0.00117786 0.00117786 0.00117786 0.00117786
 0.00117786 0.00117786 0.00117786 0.00117786 0.00117786 0.00117786
 0.00117786 0.00117786 0.00117786 0.00117786 0.00117786 0.00117786
 0.00117786 0.00117786 0.00117786 0.00117786 0.00117786 0.00117786
 0.00117786 0.00117786 0.00117786 0.00117786 0.00117786 0.00117786
 0.00117786 0.00117786 0.00117786 0.00117786 0.00117786 0.00117786
 0.00117786 0.00117786 0.00117786 0.00117786 0.00117786 0.00117786
 0.00117786 0.00117786 0.00117786 0.00117786 0.00117786 0.00117786
 0.00117786 0.00117786 0.00117786 0.00117786 0.00117786 0.00117786
 0.00117786 0.00117786 0.00117786 0.00117786 0.00117786 0.00117786
 0.00117786 0.00117786 0.00117786 0.00117786 0.00117786 0.00117786
 0.00117786 0.00117786 0.00117786 0.00117786 0.00117786 0.00117786
 0.00117786 0.00117786 0.00117786 0.00117786 0.00117786 0.00117786
 0.00117786 0.00117786 0.00117786 0.00117786 0.00117786 0.00117786
 0.00117786 0.00117786 0.00117786 0.00117786 0.00117786 0.00117786
 0.00117786 0.00117786 0.00117786 0.00117786 0.00117786 0.00117786
 0.00117786 0.00117786 0.00117786 0.00117786 0.00117786 0.00117786
 0.00117786 0.00117786 0.00117786 0.00117786 0.00117786 0.00117786
 0.00117786 0.00117786 0.00117786 0.00117786 0.00117786 0.00117786
 0.00117786 0.00117786 0.00117786 0.00117786 0.00117786 0.00117786
 0.00117786 0.00117786 0.00117786 0.00117786 0.00117786 0.00117786
 0.00117786 0.00117786 0.00117786 0.00117786 0.00117786 0.00117786
 0.00117786 0.00117786 0.00117786 0.00117786 0.00117786 0.00117786
 0.00117786 0.00117786 0.00117786 0.00117786 0.00117786 0.00117786
 0.00117786 0.00117786 0.00117786 0.00117786 0.00117786 0.00117786
 0.00117786 0.00117786 0.00117786 0.00117786 0.00117786 0.00117786
 0.00117786 0.00117786 0.00117786 0.00117786 0.00117786 0.00117786
 0.00117786 0.00117786 0.00117786 0.00117786 0.00117786 0.00117786
 0.00117786 0.00117786 0.00117786 0.00117786 0.00117786 0.00117786
 0.00117786 0.00117786 0.00117786 0.00117786 0.00117786 0.00117786
 0.00117786 0.00117786 0.00117786 0.00117786 0.00117786 0.00117786
 0.00117786 0.00117786 0.00117786 0.00117786 0.00117786 0.00117786
 0.00117786 0.00117786 0.00117786 0.00117786 0.00117786 0.00117786
 0.00117786 0.00117786 0.00117786 0.00117786 0.00117786 0.00117786
 0.00117786 0.00117786 0.00117786 0.00117786 0.00117786 0.00117786
 0.00117786 0.00117786 0.00117786 0.00117786 0.00117786 0.00117786
 0.00117786 0.00117786 0.00117786 0.00117786 0.00117786 0.00117786
 0.00117786 0.00117786 0.00117786 0.00117786 0.00117786 0.00117786
 0.00117786 0.00117786 0.00117786 0.00117786 0.00117786 0.00117786
 0.00117786 0.00117786 0.00117786 0.00117786 0.00117786 0.00117786
 0.00117786 0.00117786 0.00117786 0.00117786 0.00117786 0.00117786
 0.00117786 0.00117786 0.00117786 0.00117786 0.00117786 0.00117786
 0.00117786 0.00117786 0.00117786 0.00117786 0.00117786 0.00117786
 0.00117786 0.00117786 0.00117786 0.00117786 0.00117786 0.00117786
 0.00117786 0.00117786 0.00117786 0.00117786 0.00117786 0.00117786
 0.00117786 0.00117786 0.00117786 0.00117786 0.00117786 0.00117786
 0.00117786 0.00117786 0.00117786 0.00117786 0.00117786 0.00117786
 0.00117786 0.00117786 0.00117786 0.00117786 0.00117786 0.00117786
 0.00117786 0.00117786 0.00117786 0.00117786 0.00117786 0.00117786
 0.00117786 0.00117786 0.00117786 0.00117786 0.00117786 0.00117786
 0.00117786 0.00117786 0.00117786 0.00117786 0.00117786 0.00117786
 0.00117786 0.00117786 0.00117786 0.00117786 0.00117786 0.00117786
 0.00117786 0.00117786 0.00117786 0.00117786 0.00117786 0.00117786
 0.00117786 0.00117786 0.00117786 0.00117786 0.00117786 0.00117786
 0.00117786 0.00117786 0.00117786 0.00117786 0.00117786 0.00117786
 0.00117786 0.00117786 0.00117786 0.00117786 0.00117786 0.00117786
 0.00117786 0.00117786 0.00117786 0.00117786 0.00117786 0.00117786
 0.00117786 0.00117786 0.00117786 0.00117786 0.00117786 0.00117786
 0.00117786 0.00117786 0.00117786 0.00117786 0.00117786 0.00117786
 0.00117786 0.00117786 0.00117786 0.00117786 0.00117786 0.00117786
 0.00117786 0.00117786 0.00117786 0.00117786 0.00117786 0.00117786
 0.00117786 0.00117786 0.00117786 0.00117786 0.00117786 0.00117786
 0.00117786 0.00117786 0.00117786 0.00117786 0.00117786 0.00117786
 0.00117786 0.00117786 0.00117786 0.00117786 0.00117786 0.00117786
 0.00117786 0.00117786 0.00117786 0.00117786 0.00117786 0.00117786
 0.00117786 0.00117786 0.00117786 0.00117786 0.00117786 0.00117786
 0.00117786 0.00117786 0.00117786 0.00117786 0.00117786 0.00117786
 0.00117786 0.00117786 0.00117786 0.00117786 0.00117786 0.00117786
 0.00117786 0.00117786 0.00117786 0.00117786 0.00117786 0.00117786
 0.00117786 0.00117786 0.00117786 0.00117786 0.00117786 0.00117786
 0.00117786 0.00117786 0.00117786 0.00117786 0.00117786 0.00117786
 0.00117786 0.00117786 0.00117786 0.00117786 0.00117786 0.00117786
 0.00117786 0.00117786 0.00117786 0.00117786 0.00117786 0.00117786
 0.00117786 0.00117786 0.00117786 0.00117786 0.00117786 0.00117786
 0.00117786 0.00117786 0.00117786 0.00117786 0.00117786 0.00117786
 0.00117786 0.00117786 0.00117786 0.00117786 0.00117786 0.00117786
 0.00117786 0.00117786 0.00117786 0.00117786 0.00117786 0.00117786
 0.00117786 0.00117786 0.00117786 0.00117786 0.00117786 0.00117786
 0.00117786 0.00117786 0.00117786 0.00117786 0.00117786 0.00117786
 0.00117786 0.00117786 0.00117786 0.00117786 0.00117786 0.00117786
 0.00117786 0.00117786 0.00117786 0.00117786 0.00117786 0.00117786
 0.00117786 0.00117786 0.00117786 0.00117786 0.00117786 0.00117786
 0.00117786 0.00117786 0.00117786 0.00117786 0.00117786 0.00117786
 0.00117786 0.00117786 0.00117786 0.00117786 0.00117786 0.00117786
 0.00117786 0.00117786 0.00117786 0.00117786 0.00117786 0.00117786
 0.00117786 0.00117786 0.00117786 0.00117786 0.00117786 0.00117786
 0.00117786 0.00117786 0.00117786 0.00117786 0.00117786 0.00117786
 0.00117786 0.00117786 0.00117786 0.00117786 0.00117786 0.00117786
 0.00117786 0.00117786 0.00117786 0.00117786 0.00117786 0.00117786
 0.00117786 0.00117786 0.00117786 0.00117786 0.00117786 0.00117786
 0.00117786 0.00117786 0.00117786 0.00117786 0.00117786 0.00117786
 0.00117786 0.00117786 0.00117786 0.00117786 0.00117786 0.00117786
 0.00117786 0.00117786 0.00117786 0.00117786 0.00117786 0.00117786
 0.00117786 0.00117786 0.00117786 0.00117786 0.00117786 0.00117786
 0.00117786 0.00117786 0.00117786 0.00117786 0.00117786 0.00117786
 0.00117786 0.00117786 0.00117786 0.00117786 0.00117786 0.00117786
 0.00117786 0.00117786 0.00117786 0.00117786 0.00117786 0.00117786
 0.00117786 0.00117786 0.00117786 0.00117786 0.00117786 0.00117786
 0.00117786 0.00117786 0.00117786 0.00117786 0.00117786 0.00117786
 0.00117786 0.00117786 0.00117786 0.00117786 0.00117786 0.00117786
 0.00117786 0.00117786 0.00117786 0.00117786 0.00117786 0.00117786
 0.00117786 0.00117786 0.00117786 0.00117786 0.00117786 0.00117786
 0.00117786 0.00117786 0.00117786 0.00117786 0.00117786 0.00117786
 0.00117786 0.00117786 0.00117786]"
resid	3.997522132123039e-12
