	variants/220331.22793_S120.variants.tsv
summarized	[('Other', 0.9650537634286316), ('Alpha', 0.01612903225786022), ('Omicron', 0.013440860214883516), ('Zeta', 0.0026881720429767033), ('Theta', 0.0026881720429767033)]
lineages	"['Q.2' 'B.1.1.141' 'B.1.1.513' 'B.1.1.299' 'B.1.1.27' 'B.1.1.70'
 'B.1.1.116' 'B.1.1.67' 'B.1.1.193' 'D.3' 'B.1.1.217' 'B.1.1.280'
 'B.1.1.228' 'B.1.1.396' 'B.1.1.506' 'B.1.560' 'B.1.1.201' 'B.1.1.46'
 'B.1.1.132' 'B.1.1.487' 'B.1.1.101' 'B.1.1.416' 'B.1.1.301' 'B.1.1.514'
 'B.1.1.300' 'B.1.1.307' 'B.1.1.241' 'B.1.1.255' 'B.1.1.15' 'B.1.1.253'
 'B.1.1.82' 'B.1.1.270' 'B.1.1.249' 'B.1.1.204' 'B.1.1.133' 'B.1.1.115'
 'B.1.1.41' 'B.1.1.329' 'B.1.1.328' 'B.1.1.231' 'B.1.1.37' 'B.1.1.310'
 'B.1.1.309' 'B.1.1.356' 'B.1.1.107' 'B.1.1.266' 'B.1.1.152' 'Q.8'
 'B.1.1.379' 'B.1.1.210' 'B.1.1.48' 'B.1.1.305' 'B.1.1.49' 'B.1.1.283'
 'B.1.1.51' 'B.1.1.181' 'B.1.1.144' 'B.1.1.98' 'B.1.1.360' 'B.1.1.58'
 'B.1.1.237' 'B.1.1.365' 'B.1.1.149' 'B.1.1.374' 'B.1.1.408' 'B.1.1.291'
 'B.1.1.221' 'B.1.1.289' 'B.1.1.459' 'B.1.1.282' 'B.1.1.162' 'B.1.1.285'
 'B.1.1.113' 'B.1.1.325' 'B.1.1.380' 'B.1.1.109' 'B.1.1.362' 'B.1.1.395'
 'B.1.1.244' 'B.1.1.111' 'B.1.1.177' 'B.1.1.345' 'B.1.1.359' 'B.1.1.263'
 'B.1.1.385' 'B.1.1.437' 'B.1.1.381' 'B.1.1.312' 'B.1.1.262' 'B.1.1.72'
 'B.1.1.213' 'B.1.1.114' 'B.1.1.160' 'B.1.1.135' 'B.1.1.130' 'B.1.1.25'
 'B.1.1.134' 'B.1.1.59' 'B.1.1.367' 'B.1.1.118' 'B.1.1.148' 'B.1.1.12'
 'B.1.1.168' 'B.1.1.26' 'B.1.1.485' 'B.1.1.440' 'B.1.1.155' 'B.1.1.438'
 'B.1.1.169' 'B.1.1.463' 'B.1.1.402' 'B.1.1.174' 'B.1.1.185' 'B.1.1.129'
 'B.1.1.57' 'B.1.1.10' 'B.1.173' 'B.1.1.137' 'B.1.1.200' 'B.1.1.164'
 'B.1.1' 'B.1.1.95' 'B.1.1.197' 'B.1.1.92' 'B.1.1.142' 'B.1.1.71'
 'B.1.1.189' 'B.1.1.205' 'B.1.1.192' 'B.1.1.34' 'B.1.1.254' 'B.1.1.166'
 'B.1.1.274' 'B.1.1.180' 'B.1.1.83' 'B.1.1.372' 'B.1.1.33' 'B.1.1.43'
 'B.1.1.122' 'B.1.1.398' 'B.1.1.441' 'B.1.1.187' 'B.1.1.352' 'B.1.1.119'
 'B.1.1.480' 'B.1.1.8' 'B.1.1.232' 'B.1.1.423' 'B.1.1.349' 'B.1.1.17'
 'B.1.1.257' 'B.1.1.323' 'B.1.1.458' 'B.1.1.63' 'B.1.1.45' 'B.1.1.14'
 'B.1.1.304' 'B.1.1.413' 'B.1.1.426' 'B.1.1.194' 'B.1.1.384' 'B.1.1.258'
 'B.1.1.464' 'B.1.1.158' 'B.1.1.306' 'B.1.1.220' 'B.1.1.361' 'B.1.1.447'
 'B.1.1.172' 'B.1.1.175' 'B.1.1.376' 'B.1.1.203' 'B.1.1.275' 'B.1.1.320'
 'B.1.1.163' 'B.1.1.121' 'B.1.1.341' 'B.1.1.364' 'B.1.1.297' 'B.1.1.404'
 'B.1.1.154' 'B.1.1.3' 'B.1.1.75' 'B.1.1.5' 'B.1.1.222' 'B.1.1.517'
 'B.1.1.77' 'B.1.1.521' 'C.26' 'C.35' 'C.13' 'C.12' 'C.27' 'C.25' 'C.3'
 'C.14' 'C.1' 'C.4' 'C.32' 'N.8' 'C.28' 'C.2' 'B.1.1.153' 'B.1.1.269'
 'B.1.1.190' 'B.1.1.227' 'B.1.532' 'B.1.1.207' 'B.1.1.337' 'P.2' 'P.6'
 'B.1.1.316' 'B.1.1.486' 'B.1.1.302' 'B.1.1.198' 'B.1.1.234' 'B.1.1.344'
 'B.1.1.450' 'B.1.1.296' 'B.1.1.225' 'D.5' 'D.2' 'B.1.1.182' 'B.1.1.353'
 'B.1.1.351' 'BA.1' 'B.1.1.243' 'B.1.1.358' 'B.1.1.482' 'B.1.1.214' 'AE.2'
 'AE.7' 'AV.1' 'L.4' 'B.1.1.279' 'BA.1.1' 'C.31' 'BA.3' 'BA.2' 'B.1.1.519'
 'AP.1' 'B.1.1.219' 'R.2' 'R.1' 'B.1.1.318' 'B.1.1.7' 'AZ.3' 'AZ.2' 'AZ.5'
 'AZ.4' 'Q.3' 'Q.1' 'XA' 'Q.4' 'AZ.2.1' 'B.1.1.303' 'M.3' 'B.1.1.93'
 'C.2.1' 'B.1.1.348' 'AK.2' 'B.1.1.196' 'B.1.1.434' 'B.1.1.251' 'C.23'
 'B.1.1.375' 'C.16' 'C.5' 'M.2' 'B.1.1.429' 'B.1.1.290' 'AM.3' 'B.1.1.338'
 'B.1.1.277' 'C.30' 'C.20' 'C.18' 'C.1.2' 'N.7' 'N.10' 'B.1.1.518'
 'B.1.1.97' 'N.3' 'N.1' 'N.2' 'N.6' 'N.9' 'B.1.1.61' 'AN.1' 'B.1.1.123'
 'B.1.1.406' 'B.1.1.256' 'N.5' 'B.1.1.242' 'B.1.1.86' 'B.1.1.159'
 'B.1.1.308' 'B.1.1.311' 'B.1.1.240' 'B.1.1.16' 'B.1.1.229' 'B.1.1.268'
 'N.4' 'B.59' 'B.1.1.371' 'B.1.1.298' 'B.1.1.355' 'B.1.1.368' 'B.1.1.326'
 'B.1.1.125' 'B.1.1.389' 'B.1.1.138' 'B.1.1.38' 'B.1.1.208' 'B.1.1.145'
 'B.1.1.128' 'B.1.1.392' 'B.1.1.165' 'P.3' 'AH.3' 'B.1.1.339' 'B.1.1.55'
 'B.1.1.186' 'B.1.1.1' 'B.1.1.369' 'B.1.1.512' 'B.1.1.147' 'B.1.1.239'
 'AE.1' 'B.1.548' 'AE.4' 'B.1.1.363' 'B.1.1.373' 'AG.1' 'B.1.1.74'
 'B.1.1.418' 'B.1.1.4' 'B.1.1.224' 'B.1.1.171' 'AK.1' 'B.1.1.216'
 'B.1.1.29' 'P.7' 'AH.2' 'B.1.1.397' 'B.1.1.467' 'B.1.1.294' 'B.1.1.170'
 'AE.6' 'B.1.1.428' 'B.1.1.89' 'B.1.1.139' 'B.1.1.178' 'B.1.1.315'
 'B.1.533' 'B.1.1.120' 'B.1.1.347' 'B.1.1.136' 'B.1.1.529' 'B.1.1.432'
 'B.1.1.13' 'B.1.1.288' 'L.2' 'L.3' 'AC.1' 'B.1.1.403' 'B.1.1.209'
 'B.1.1.50' 'B.1.1.47' 'B.1.1.284' 'B.1.1.226' 'B.1.1.161']"
abundances	"[0.00268817 0.00268817 0.00268817 0.00268817 0.00268817 0.00268817
 0.00268817 0.00268817 0.00268817 0.00268817 0.00268817 0.00268817
 0.00268817 0.00268817 0.00268817 0.00268817 0.00268817 0.00268817
 0.00268817 0.00268817 0.00268817 0.00268817 0.00268817 0.00268817
 0.00268817 0.00268817 0.00268817 0.00268817 0.00268817 0.00268817
 0.00268817 0.00268817 0.00268817 0.00268817 0.00268817 0.00268817
 0.00268817 0.00268817 0.00268817 0.00268817 0.00268817 0.00268817
 0.00268817 0.00268817 0.00268817 0.00268817 0.00268817 0.00268817
 0.00268817 0.00268817 0.00268817 0.00268817 0.00268817 0.00268817
 0.00268817 0.00268817 0.00268817 0.00268817 0.00268817 0.00268817
 0.00268817 0.00268817 0.00268817 0.00268817 0.00268817 0.00268817
 0.00268817 0.00268817 0.00268817 0.00268817 0.00268817 0.00268817
 0.00268817 0.00268817 0.00268817 0.00268817 0.00268817 0.00268817
 0.00268817 0.00268817 0.00268817 0.00268817 0.00268817 0.00268817
 0.00268817 0.00268817 0.00268817 0.00268817 0.00268817 0.00268817
 0.00268817 0.00268817 0.00268817 0.00268817 0.00268817 0.00268817
 0.00268817 0.00268817 0.00268817 0.00268817 0.00268817 0.00268817
 0.00268817 0.00268817 0.00268817 0.00268817 0.00268817 0.00268817
 0.00268817 0.00268817 0.00268817 0.00268817 0.00268817 0.00268817
 0.00268817 0.00268817 0.00268817 0.00268817 0.00268817 0.00268817
 0.00268817 0.00268817 0.00268817 0.00268817 0.00268817 0.00268817
 0.00268817 0.00268817 0.00268817 0.00268817 0.00268817 0.00268817
 0.00268817 0.00268817 0.00268817 0.00268817 0.00268817 0.00268817
 0.00268817 0.00268817 0.00268817 0.00268817 0.00268817 0.00268817
 0.00268817 0.00268817 0.00268817 0.00268817 0.00268817 0.00268817
 0.00268817 0.00268817 0.00268817 0.00268817 0.00268817 0.00268817
 0.00268817 0.00268817 0.00268817 0.00268817 0.00268817 0.00268817
 0.00268817 0.00268817 0.00268817 0.00268817 0.00268817 0.00268817
 0.00268817 0.00268817 0.00268817 0.00268817 0.00268817 0.00268817
 0.00268817 0.00268817 0.00268817 0.00268817 0.00268817 0.00268817
 0.00268817 0.00268817 0.00268817 0.00268817 0.00268817 0.00268817
 0.00268817 0.00268817 0.00268817 0.00268817 0.00268817 0.00268817
 0.00268817 0.00268817 0.00268817 0.00268817 0.00268817 0.00268817
 0.00268817 0.00268817 0.00268817 0.00268817 0.00268817 0.00268817
 0.00268817 0.00268817 0.00268817 0.00268817 0.00268817 0.00268817
 0.00268817 0.00268817 0.00268817 0.00268817 0.00268817 0.00268817
 0.00268817 0.00268817 0.00268817 0.00268817 0.00268817 0.00268817
 0.00268817 0.00268817 0.00268817 0.00268817 0.00268817 0.00268817
 0.00268817 0.00268817 0.00268817 0.00268817 0.00268817 0.00268817
 0.00268817 0.00268817 0.00268817 0.00268817 0.00268817 0.00268817
 0.00268817 0.00268817 0.00268817 0.00268817 0.00268817 0.00268817
 0.00268817 0.00268817 0.00268817 0.00268817 0.00268817 0.00268817
 0.00268817 0.00268817 0.00268817 0.00268817 0.00268817 0.00268817
 0.00268817 0.00268817 0.00268817 0.00268817 0.00268817 0.00268817
 0.00268817 0.00268817 0.00268817 0.00268817 0.00268817 0.00268817
 0.00268817 0.00268817 0.00268817 0.00268817 0.00268817 0.00268817
 0.00268817 0.00268817 0.00268817 0.00268817 0.00268817 0.00268817
 0.00268817 0.00268817 0.00268817 0.00268817 0.00268817 0.00268817
 0.00268817 0.00268817 0.00268817 0.00268817 0.00268817 0.00268817
 0.00268817 0.00268817 0.00268817 0.00268817 0.00268817 0.00268817
 0.00268817 0.00268817 0.00268817 0.00268817 0.00268817 0.00268817
 0.00268817 0.00268817 0.00268817 0.00268817 0.00268817 0.00268817
 0.00268817 0.00268817 0.00268817 0.00268817 0.00268817 0.00268817
 0.00268817 0.00268817 0.00268817 0.00268817 0.00268817 0.00268817
 0.00268817 0.00268817 0.00268817 0.00268817 0.00268817 0.00268817
 0.00268817 0.00268817 0.00268817 0.00268817 0.00268817 0.00268817
 0.00268817 0.00268817 0.00268817 0.00268817 0.00268817 0.00268817
 0.00268817 0.00268817 0.00268817 0.00268817 0.00268817 0.00268817
 0.00268817 0.00268817 0.00268817 0.00268817 0.00268817 0.00268817
 0.00268817 0.00268817 0.00268817 0.00268817 0.00268817 0.00268817
 0.00268817 0.00268817 0.00268817 0.00268817 0.00268817 0.00268817
 0.00268817 0.00268817 0.00268817 0.00268817 0.00268817 0.00268817]"
resid	2.90804937123937e-12
