	variants/220329.20960_S78.variants.tsv
summarized	[('Omicron', 0.5206468746181928), ('Delta', 0.46742150268529686), ('Other', 0.00820037724009293)]
lineages	"['BA.1' 'AY.125.1' 'AY.120' 'AY.46.2' 'AY.46.6' 'AY.20' 'AY.84' 'AY.23'
 'AY.80' 'AY.81' 'AY.86' 'AY.90' 'AY.88' 'AY.39' 'AY.3' 'AY.119' 'AY.4.6'
 'AY.6' 'AY.110' 'AY.4' 'AY.118' 'AY.116' 'AY.106' 'AY.111' 'AY.46'
 'AY.103' 'AY.79' 'AY.44' 'AY.5' 'AY.77' 'AY.117' 'AY.33' 'AY.109' 'AY.85'
 'AY.39.2' 'AY.120.2.1' 'AY.4.8' 'AY.123.1' 'AY.36' 'AY.39.1.1' 'AY.120.1'
 'AY.120.2' 'AY.4.4' 'AY.116.1' 'AY.39.1' 'AY.29.1' 'AY.4.3' 'AY.4.5'
 'AY.123' 'AY.46.5' 'AY.5.5' 'AY.5.1' 'AY.5.4' 'AY.5.3' 'AY.102' 'AY.108'
 'AY.29' 'AY.125' 'AY.107' 'B.1.1.529']"
abundances	"[0.51856354 0.00820038 0.00820038 0.00820038 0.00820038 0.00820038
 0.00820038 0.00820038 0.00820038 0.00820038 0.00820038 0.00820038
 0.00820038 0.00820038 0.00820038 0.00820038 0.00820038 0.00820038
 0.00820038 0.00820038 0.00820038 0.00820038 0.00820038 0.00820038
 0.00820038 0.00820038 0.00820038 0.00820038 0.00820038 0.00820038
 0.00820038 0.00820038 0.00820038 0.00820038 0.00820038 0.00820038
 0.00820038 0.00820038 0.00820038 0.00820038 0.00820038 0.00820038
 0.00820038 0.00820038 0.00820038 0.00820038 0.00820038 0.00820038
 0.00820038 0.00820038 0.00820038 0.00820038 0.00820038 0.00820038
 0.00820038 0.00820038 0.00820038 0.00820038 0.00820038 0.00208334]"
resid	5.948569645033283
