	variants/220328.21624_S68.variants.tsv
summarized	[('Delta', 0.9779330654518495), ('Other', 0.019516288509039775)]
lineages	"['AY.33.1' 'AY.117' 'AY.80' 'AY.82' 'AY.84' 'AY.20' 'AY.46.4' 'AY.46.6'
 'AY.46.2' 'AY.77' 'AY.76' 'AY.78' 'AY.105' 'AY.86' 'AY.124' 'AY.104'
 'AY.33' 'AY.4.3' 'AY.114' 'AY.125' 'AY.128' 'AY.92' 'AY.29' 'AY.108'
 'AY.81' 'AY.94' 'AY.3.1' 'AY.116' 'AY.122' 'AY.5' 'AY.44' 'AY.79' 'AY.98'
 'AY.103' 'AY.46' 'AY.43' 'AY.111' 'AY.106' 'AY.126' 'AY.90' 'AY.118'
 'AY.1' 'AY.4' 'AY.110' 'AY.6' 'AY.119' 'AY.120' 'AY.3' 'AY.39' 'AY.88'
 'AY.102' 'AY.129' 'AY.13' 'AY.43.2' 'AY.120.1' 'AY.39.1.1' 'AY.39.1.3'
 'AY.35' 'AY.122.4' 'AY.36' 'AY.41' 'AY.43.5' 'AY.43.4' 'AY.43.3'
 'AY.123.1' 'AY.53' 'AY.4.12' 'AY.4.1' 'AY.120.2.1' 'AY.39.2' 'AY.30'
 'AY.122.2' 'AY.46.6.1' 'AY.4.6' 'AY.98.1' 'AY.43.6' 'AY.120.2' 'AY.4.4'
 'AY.116.1' 'AY.96' 'AY.8' 'AY.50' 'AY.14' 'AY.15' 'AY.48' 'AY.5.3'
 'AY.5.4' 'AY.5.1' 'AY.5.5' 'AY.93' 'AY.95' 'AY.32' 'AY.46.5' 'AY.131'
 'AY.123' 'AY.4.5' 'AY.29.1' 'AY.119.2' 'AY.109' 'AY.39.1' 'AY.122.1'
 'B.1.617.2' 'AY.61']"
abundances	"[0.00975814 0.00975814 0.00975814 0.00975814 0.00975814 0.00975814
 0.00975814 0.00975814 0.00975814 0.00975814 0.00975814 0.00975814
 0.00975814 0.00975814 0.00975814 0.00975814 0.00975814 0.00975814
 0.00975814 0.00975814 0.00975814 0.00975814 0.00975814 0.00975814
 0.00975814 0.00975814 0.00975814 0.00975814 0.00975814 0.00975814
 0.00975814 0.00975814 0.00975814 0.00975814 0.00975814 0.00975814
 0.00975814 0.00975814 0.00975814 0.00975814 0.00975814 0.00975814
 0.00975814 0.00975814 0.00975814 0.00975814 0.00975814 0.00975814
 0.00975814 0.00975814 0.00975814 0.00975814 0.00975814 0.00975814
 0.00975814 0.00975814 0.00975814 0.00975814 0.00975814 0.00975814
 0.00975814 0.00975814 0.00975814 0.00975814 0.00975814 0.00975814
 0.00975814 0.00975814 0.00975814 0.00975814 0.00975814 0.00975814
 0.00975814 0.00975814 0.00975814 0.00975814 0.00975814 0.00975814
 0.00975814 0.00975814 0.00975814 0.00975814 0.00975814 0.00975814
 0.00975814 0.00975814 0.00975814 0.00975814 0.00975814 0.00975814
 0.00975814 0.00975814 0.00975814 0.00975814 0.00975814 0.00975814
 0.00975814 0.00975814 0.00975814 0.00975814 0.00975814 0.00975814
 0.00211864]"
resid	0.0054244020963958965
