	variants/220406.BL1_S96.variants.tsv
summarized	[('Other', 0.7230769230549613), ('A', 0.2769230769146658)]
lineages	"['A.23' 'B.31' 'B.3' 'B.18' 'B.29' 'B.41' 'B.33' 'B.61' 'B.28' 'A' 'B.4'
 'B.12' 'B.45' 'B.13' 'B.51' 'B.42' 'B.10' 'B.11' 'B.57' 'B.46' 'B.47'
 'B.6' 'B.5' 'B.19' 'B.23' 'B.26' 'B.55' 'B.27' 'B.1.14' 'B.20' 'B.15'
 'B.30' 'B.40' 'A.23.1' 'B.37' 'A.29' 'A.4' 'A.26' 'A.25' 'A.3' 'A.12'
 'A.19' 'A.18' 'A.21' 'A.11' 'A.2.4' 'A.6' 'B.4.7' 'B.4.4' 'B.43' 'B.58'
 'A.1' 'A.5' 'A.2' 'B.4.8' 'B.4.5' 'B.6.6' 'B.35' 'B.39' 'B.60' 'B.4.6'
 'B.3.1' 'B.34' 'B.32' 'B']"
abundances	"[0.01538462 0.01538462 0.01538462 0.01538462 0.01538462 0.01538462
 0.01538462 0.01538462 0.01538462 0.01538462 0.01538462 0.01538462
 0.01538462 0.01538462 0.01538462 0.01538462 0.01538462 0.01538462
 0.01538462 0.01538462 0.01538462 0.01538462 0.01538462 0.01538462
 0.01538462 0.01538462 0.01538462 0.01538462 0.01538462 0.01538462
 0.01538462 0.01538462 0.01538462 0.01538462 0.01538462 0.01538462
 0.01538462 0.01538462 0.01538462 0.01538462 0.01538462 0.01538462
 0.01538462 0.01538462 0.01538462 0.01538462 0.01538462 0.01538462
 0.01538462 0.01538462 0.01538462 0.01538462 0.01538462 0.01538462
 0.01538462 0.01538462 0.01538462 0.01538462 0.01538462 0.01538462
 0.01538462 0.01538462 0.01538462 0.01538462 0.01538462]"
resid	4.4485141018670984e-12
