	variants/220406.BL2_S136.variants.tsv
summarized	[('Other', 0.9760956171947426), ('Alpha', 0.015936254974608027), ('Zeta', 0.003984063743652007), ('Theta', 0.003984063743652007)]
lineages	"['Q.8' 'B.1.1.426' 'B.1.1.204' 'B.1.1.421' 'B.1.1.249' 'B.1.1.270'
 'B.1.1.253' 'B.1.1.15' 'B.1.1.241' 'B.1.1.261' 'B.1.1.160' 'B.1.1.135'
 'B.1.1.130' 'B.1.1.258' 'B.1.1.194' 'B.1.1.304' 'B.1.1.5' 'B.1.1.14'
 'B.1.1.63' 'B.1.1.323' 'B.1.1.257' 'B.1.1.17' 'B.1.1.349' 'B.1.1.232'
 'B.1.1.8' 'B.1.1.480' 'B.1.1.119' 'B.1.1.464' 'B.1.1.352' 'B.1.1.220'
 'B.1.1.133' 'B.1.1.115' 'B.1.1.41' 'B.1.1.329' 'B.1.1.152' 'B.1.1.266'
 'B.1.1.46' 'B.1.1.201' 'B.1.560' 'B.1.1.506' 'B.1.1.396' 'B.1.1.280'
 'B.1.1.141' 'D.3' 'B.1.1.193' 'B.1.1.67' 'B.1.1.116' 'B.1.1.70'
 'B.1.1.27' 'B.1.1.299' 'B.1.1.513' 'B.1.1.301' 'B.1.1.514' 'B.1.1.300'
 'B.1.1.307' 'B.1.1.107' 'B.1.1.309' 'B.1.1.310' 'B.1.1.37' 'B.1.1.231'
 'B.1.1.328' 'B.1.1.222' 'B.1.1.75' 'B.1.1.109' 'B.1.1.83' 'B.1.1.148'
 'B.1.1.118' 'B.1.1.367' 'B.1.1.59' 'B.1.1.134' 'B.1.173' 'B.1.1.137'
 'B.1.1.200' 'B.1.1.164' 'B.1.1.122' 'B.1.1.43' 'B.1.1.33' 'B.1.1.372'
 'B.1.1.180' 'B.1.1.3' 'B.1.1.274' 'B.1.1.166' 'B.1.1.254' 'B.1.1.34'
 'B.1.1.192' 'B.1.1.205' 'B.1.1.189' 'B.1.1.71' 'B.1.1.142' 'B.1.1.92'
 'B.1.1.197' 'B.1.1.95' 'B.1.1' 'B.1.1.12' 'B.1.1.168' 'B.1.1.26'
 'B.1.1.485' 'B.1.1.154' 'B.1.1.297' 'B.1.1.341' 'B.1.1.320' 'B.1.1.275'
 'B.1.1.500' 'B.1.1.203' 'B.1.1.376' 'B.1.1.175' 'B.1.1.172' 'B.1.1.447'
 'B.1.1.361' 'B.1.1.306' 'B.1.1.187' 'B.1.1.398' 'B.1.1.10' 'B.1.1.57'
 'B.1.1.129' 'B.1.1.185' 'B.1.1.174' 'B.1.1.402' 'B.1.1.463' 'B.1.1.169'
 'B.1.1.438' 'B.1.1.440' 'B.1.1.378' 'B.1.1.25' 'B.1.1.58' 'B.1.1.362'
 'Q.4' 'AK.1' 'B.1.1.225' 'B.1.1.296' 'B.1.1.450' 'B.1.1.344' 'B.1.1.234'
 'B.1.1.302' 'N.8' 'B.1.1.170' 'B.1.1.397' 'AH.2' 'AH.1' 'B.1.1.29'
 'B.1.1.216' 'B.1.1.171' 'B.1.1.239' 'B.1.1.418' 'B.1.1.74' 'B.1.1.373'
 'B.1.1.363' 'B.1.1.403' 'B.1.1.288' 'B.1.1.13' 'B.1.1.432' 'B.1.1.136'
 'B.1.1.347' 'B.1.533' 'B.1.1.315' 'B.1.1.178' 'D.2' 'B.1.1.243'
 'B.1.1.486' 'P.2' 'Q.1' 'B.1.1.7' 'B.1.1.338' 'B.1.1.290' 'AD.2' 'C.17'
 'C.36' 'C.23' 'B.1.1.434' 'AK.2' 'B.1.1.348' 'B.1.1.93' 'B.1.1.207'
 'B.1.532' 'B.1.1.227' 'B.1.1.269' 'B.1.1.153' 'C.32' 'C.26' 'C.4' 'C.1'
 'C.14' 'C.3' 'C.25' 'C.27' 'C.12' 'C.35' 'B.1.1.89' 'B.1.1.512'
 'B.1.1.395' 'B.1.1.149' 'B.1.1.138' 'B.1.1.389' 'B.1.1.125' 'B.1.1.326'
 'B.1.1.368' 'B.1.1.355' 'B.1.1.521' 'B.1.1.77' 'B.1.1.517' 'B.1.1.289'
 'B.1.1.221' 'B.1.1.291' 'B.1.1.408' 'B.1.1.365' 'B.1.1.268' 'B.1.1.360'
 'B.1.1.379' 'B.1.1.262' 'B.1.1.312' 'B.1.1.381' 'B.1.1.461' 'B.1.1.437'
 'B.1.1.385' 'B.1.1.263' 'B.1.1.359' 'B.1.1.345' 'B.1.1.177' 'B.1.1.244'
 'B.1.1.38' 'B.1.1.208' 'B.1.1.145' 'B.1.1.165' 'B.1.1.240' 'B.1.1.311'
 'B.1.1.308' 'B.1.1.159' 'B.1.1.86' 'B.1.1.242' 'B.1.1.256' 'B.1.1.406'
 'B.1.1.123' 'AN.1' 'B.1.1.61' 'N.9' 'N.6' 'N.2' 'N.1' 'N.3' 'N.4' 'B.59'
 'B.1.1.371' 'B.1.1.298' 'B.1.1.369' 'B.1.1.1' 'B.1.1.186' 'B.1.1.55'
 'B.1.1.339' 'AH.3' 'P.3' 'B.1.1.161']"
abundances	"[0.00398406 0.00398406 0.00398406 0.00398406 0.00398406 0.00398406
 0.00398406 0.00398406 0.00398406 0.00398406 0.00398406 0.00398406
 0.00398406 0.00398406 0.00398406 0.00398406 0.00398406 0.00398406
 0.00398406 0.00398406 0.00398406 0.00398406 0.00398406 0.00398406
 0.00398406 0.00398406 0.00398406 0.00398406 0.00398406 0.00398406
 0.00398406 0.00398406 0.00398406 0.00398406 0.00398406 0.00398406
 0.00398406 0.00398406 0.00398406 0.00398406 0.00398406 0.00398406
 0.00398406 0.00398406 0.00398406 0.00398406 0.00398406 0.00398406
 0.00398406 0.00398406 0.00398406 0.00398406 0.00398406 0.00398406
 0.00398406 0.00398406 0.00398406 0.00398406 0.00398406 0.00398406
 0.00398406 0.00398406 0.00398406 0.00398406 0.00398406 0.00398406
 0.00398406 0.00398406 0.00398406 0.00398406 0.00398406 0.00398406
 0.00398406 0.00398406 0.00398406 0.00398406 0.00398406 0.00398406
 0.00398406 0.00398406 0.00398406 0.00398406 0.00398406 0.00398406
 0.00398406 0.00398406 0.00398406 0.00398406 0.00398406 0.00398406
 0.00398406 0.00398406 0.00398406 0.00398406 0.00398406 0.00398406
 0.00398406 0.00398406 0.00398406 0.00398406 0.00398406 0.00398406
 0.00398406 0.00398406 0.00398406 0.00398406 0.00398406 0.00398406
 0.00398406 0.00398406 0.00398406 0.00398406 0.00398406 0.00398406
 0.00398406 0.00398406 0.00398406 0.00398406 0.00398406 0.00398406
 0.00398406 0.00398406 0.00398406 0.00398406 0.00398406 0.00398406
 0.00398406 0.00398406 0.00398406 0.00398406 0.00398406 0.00398406
 0.00398406 0.00398406 0.00398406 0.00398406 0.00398406 0.00398406
 0.00398406 0.00398406 0.00398406 0.00398406 0.00398406 0.00398406
 0.00398406 0.00398406 0.00398406 0.00398406 0.00398406 0.00398406
 0.00398406 0.00398406 0.00398406 0.00398406 0.00398406 0.00398406
 0.00398406 0.00398406 0.00398406 0.00398406 0.00398406 0.00398406
 0.00398406 0.00398406 0.00398406 0.00398406 0.00398406 0.00398406
 0.00398406 0.00398406 0.00398406 0.00398406 0.00398406 0.00398406
 0.00398406 0.00398406 0.00398406 0.00398406 0.00398406 0.00398406
 0.00398406 0.00398406 0.00398406 0.00398406 0.00398406 0.00398406
 0.00398406 0.00398406 0.00398406 0.00398406 0.00398406 0.00398406
 0.00398406 0.00398406 0.00398406 0.00398406 0.00398406 0.00398406
 0.00398406 0.00398406 0.00398406 0.00398406 0.00398406 0.00398406
 0.00398406 0.00398406 0.00398406 0.00398406 0.00398406 0.00398406
 0.00398406 0.00398406 0.00398406 0.00398406 0.00398406 0.00398406
 0.00398406 0.00398406 0.00398406 0.00398406 0.00398406 0.00398406
 0.00398406 0.00398406 0.00398406 0.00398406 0.00398406 0.00398406
 0.00398406 0.00398406 0.00398406 0.00398406 0.00398406 0.00398406
 0.00398406 0.00398406 0.00398406 0.00398406 0.00398406 0.00398406
 0.00398406 0.00398406 0.00398406 0.00398406 0.00398406 0.00398406
 0.00398406 0.00398406 0.00398406 0.00398406 0.00398406]"
resid	0.11128617746527221
